[4.702s] Invoking command in '/home/irl/robot_ws_raps/build/ros_to_serial': PYTHONPATH=/home/irl/robot_ws_raps/build/ros_to_serial/prefix_override:/home/irl/robot_ws_raps/install/ros_to_serial/lib/python3.10/site-packages:${PYTHONPATH} /usr/bin/python3 -W ignore:setup.py install is deprecated setup.py develop --editable --build-directory /home/irl/robot_ws_raps/build/ros_to_serial/build --no-deps symlink_data
[5.246s] Traceback (most recent call last):
[5.247s]   File "/home/irl/robot_ws_raps/build/ros_to_serial/setup.py", line 1, in <module>
[5.254s]     from setuptools import find_packages, setup
[5.260s]   File "/home/irl/.local/lib/python3.10/site-packages/setuptools/__init__.py", line 16, in <module>
[5.262s]     import setuptools.version
[5.266s]   File "/home/irl/.local/lib/python3.10/site-packages/setuptools/version.py", line 1, in <module>
[5.269s]     import pkg_resources
[5.271s]   File "/home/irl/.local/lib/python3.10/site-packages/pkg_resources/__init__.py", line 3243, in <module>
[5.273s]     def _initialize_master_working_set():
[5.275s]   File "/home/irl/.local/lib/python3.10/site-packages/pkg_resources/__init__.py", line 3226, in _call_aside
[5.278s]     f(*args, **kwargs)
[5.281s]   File "/home/irl/.local/lib/python3.10/site-packages/pkg_resources/__init__.py", line 3255, in _initialize_master_working_set
[5.284s]     working_set = WorkingSet._build_master()
[5.286s]   File "/home/irl/.local/lib/python3.10/site-packages/pkg_resources/__init__.py", line 559, in _build_master
[5.290s]     ws = cls()
[5.296s]   File "/home/irl/.local/lib/python3.10/site-packages/pkg_resources/__init__.py", line 552, in __init__
[5.299s]     self.add_entry(entry)
[5.301s]   File "/home/irl/.local/lib/python3.10/site-packages/pkg_resources/__init__.py", line 608, in add_entry
[5.303s]     for dist in find_distributions(entry, True):
[5.305s]   File "/home/irl/.local/lib/python3.10/site-packages/pkg_resources/__init__.py", line 2063, in find_on_path
[5.363s]     for dist in factory(fullpath):
[5.364s]   File "/home/irl/.local/lib/python3.10/site-packages/pkg_resources/__init__.py", line 2128, in distributions_from_metadata
[5.366s]     yield Distribution.from_location(
[5.367s]   File "/home/irl/.local/lib/python3.10/site-packages/pkg_resources/__init__.py", line 2591, in from_location
[5.369s]     )._reload_version()
[5.370s]   File "/home/irl/.local/lib/python3.10/site-packages/pkg_resources/__init__.py", line 2989, in _reload_version
[5.374s]     md_version = self._get_version()
[5.376s]   File "/home/irl/.local/lib/python3.10/site-packages/pkg_resources/__init__.py", line 2770, in _get_version
[5.388s]     version = _version_from_file(lines)
[5.388s]   File "/home/irl/.local/lib/python3.10/site-packages/pkg_resources/__init__.py", line 2556, in _version_from_file
[5.388s]     return safe_version(value.strip()) or None
[5.389s]   File "/home/irl/.local/lib/python3.10/site-packages/pkg_resources/__init__.py", line 1318, in safe_version
[5.391s]     return str(packaging.version.Version(version))
[5.391s]   File "/home/irl/.local/lib/python3.10/site-packages/pkg_resources/_vendor/packaging/version.py", line 314, in __str__
[5.392s]     parts.append(".".join(str(x) for x in self.release))
[5.392s] KeyboardInterrupt
