[0.470s] DEBUG:colcon:Command line arguments: ['/usr/bin/colcon', 'build', '--symlink-install']
[0.470s] DEBUG:colcon:Parsed command line arguments: Namespace(log_base=None, log_level=None, verb_name='build', build_base='build', install_base='install', merge_install=False, symlink_install=True, test_result_base=None, continue_on_error=False, executor='parallel', parallel_workers=4, event_handlers=None, ignore_user_meta=False, metas=['./colcon.meta'], base_paths=['.'], packages_ignore=None, packages_ignore_regex=None, paths=None, packages_up_to=None, packages_up_to_regex=None, packages_above=None, packages_above_and_dependencies=None, packages_above_depth=None, packages_select_by_dep=None, packages_skip_by_dep=None, packages_skip_up_to=None, packages_select_build_failed=False, packages_skip_build_finished=False, packages_select_test_failures=False, packages_skip_test_passed=False, packages_select=None, packages_skip=None, packages_select_regex=None, packages_skip_regex=None, packages_start=None, packages_end=None, allow_overriding=[], cmake_args=None, cmake_target=None, cmake_target_skip_unavailable=False, cmake_clean_cache=False, cmake_clean_first=False, cmake_force_configure=False, ament_cmake_args=None, catkin_cmake_args=None, catkin_skip_building_tests=False, verb_parser=<colcon_defaults.argument_parser.defaults.DefaultArgumentsDecorator object at 0xffffa5424970>, verb_extension=<colcon_core.verb.build.BuildVerb object at 0xffffa555d570>, main=<bound method BuildVerb.main of <colcon_core.verb.build.BuildVerb object at 0xffffa555d570>>)
[1.391s] Level 1:colcon.colcon_core.package_discovery:discover_packages(colcon_meta) check parameters
[1.392s] Level 1:colcon.colcon_core.package_discovery:discover_packages(recursive) check parameters
[1.392s] Level 1:colcon.colcon_core.package_discovery:discover_packages(ignore) check parameters
[1.392s] Level 1:colcon.colcon_core.package_discovery:discover_packages(path) check parameters
[1.392s] Level 1:colcon.colcon_core.package_discovery:discover_packages(colcon_meta) discover
[1.392s] Level 1:colcon.colcon_core.package_discovery:discover_packages(recursive) discover
[1.392s] INFO:colcon.colcon_core.package_discovery:Crawling recursively for packages in '/home/irl/robot_ws_raps'
[1.393s] Level 1:colcon.colcon_core.package_identification:_identify(.) by extensions ['ignore', 'ignore_ament_install']
[1.393s] Level 1:colcon.colcon_core.package_identification:_identify(.) by extension 'ignore'
[1.394s] Level 1:colcon.colcon_core.package_identification:_identify(.) by extension 'ignore_ament_install'
[1.394s] Level 1:colcon.colcon_core.package_identification:_identify(.) by extensions ['colcon_pkg']
[1.394s] Level 1:colcon.colcon_core.package_identification:_identify(.) by extension 'colcon_pkg'
[1.394s] Level 1:colcon.colcon_core.package_identification:_identify(.) by extensions ['colcon_meta']
[1.394s] Level 1:colcon.colcon_core.package_identification:_identify(.) by extension 'colcon_meta'
[1.394s] Level 1:colcon.colcon_core.package_identification:_identify(.) by extensions ['ros']
[1.395s] Level 1:colcon.colcon_core.package_identification:_identify(.) by extension 'ros'
[1.438s] Level 1:colcon.colcon_core.package_identification:_identify(.) by extensions ['cmake', 'python']
[1.439s] Level 1:colcon.colcon_core.package_identification:_identify(.) by extension 'cmake'
[1.439s] Level 1:colcon.colcon_core.package_identification:_identify(.) by extension 'python'
[1.439s] Level 1:colcon.colcon_core.package_identification:_identify(.) by extensions ['python_setup_py']
[1.439s] Level 1:colcon.colcon_core.package_identification:_identify(.) by extension 'python_setup_py'
[1.440s] Level 1:colcon.colcon_core.package_identification:_identify(build) by extensions ['ignore', 'ignore_ament_install']
[1.440s] Level 1:colcon.colcon_core.package_identification:_identify(build) by extension 'ignore'
[1.440s] Level 1:colcon.colcon_core.package_identification:_identify(build) ignored
[1.441s] Level 1:colcon.colcon_core.package_identification:_identify(install) by extensions ['ignore', 'ignore_ament_install']
[1.441s] Level 1:colcon.colcon_core.package_identification:_identify(install) by extension 'ignore'
[1.442s] Level 1:colcon.colcon_core.package_identification:_identify(install) ignored
[1.442s] Level 1:colcon.colcon_core.package_identification:_identify(log) by extensions ['ignore', 'ignore_ament_install']
[1.443s] Level 1:colcon.colcon_core.package_identification:_identify(log) by extension 'ignore'
[1.443s] Level 1:colcon.colcon_core.package_identification:_identify(log) ignored
[1.443s] Level 1:colcon.colcon_core.package_identification:_identify(src) by extensions ['ignore', 'ignore_ament_install']
[1.444s] Level 1:colcon.colcon_core.package_identification:_identify(src) by extension 'ignore'
[1.444s] Level 1:colcon.colcon_core.package_identification:_identify(src) by extension 'ignore_ament_install'
[1.444s] Level 1:colcon.colcon_core.package_identification:_identify(src) by extensions ['colcon_pkg']
[1.444s] Level 1:colcon.colcon_core.package_identification:_identify(src) by extension 'colcon_pkg'
[1.444s] Level 1:colcon.colcon_core.package_identification:_identify(src) by extensions ['colcon_meta']
[1.444s] Level 1:colcon.colcon_core.package_identification:_identify(src) by extension 'colcon_meta'
[1.445s] Level 1:colcon.colcon_core.package_identification:_identify(src) by extensions ['ros']
[1.445s] Level 1:colcon.colcon_core.package_identification:_identify(src) by extension 'ros'
[1.445s] Level 1:colcon.colcon_core.package_identification:_identify(src) by extensions ['cmake', 'python']
[1.445s] Level 1:colcon.colcon_core.package_identification:_identify(src) by extension 'cmake'
[1.445s] Level 1:colcon.colcon_core.package_identification:_identify(src) by extension 'python'
[1.445s] Level 1:colcon.colcon_core.package_identification:_identify(src) by extensions ['python_setup_py']
[1.446s] Level 1:colcon.colcon_core.package_identification:_identify(src) by extension 'python_setup_py'
[1.446s] Level 1:colcon.colcon_core.package_identification:_identify(src/pwm_msg) by extensions ['ignore', 'ignore_ament_install']
[1.446s] Level 1:colcon.colcon_core.package_identification:_identify(src/pwm_msg) by extension 'ignore'
[1.447s] Level 1:colcon.colcon_core.package_identification:_identify(src/pwm_msg) by extension 'ignore_ament_install'
[1.447s] Level 1:colcon.colcon_core.package_identification:_identify(src/pwm_msg) by extensions ['colcon_pkg']
[1.447s] Level 1:colcon.colcon_core.package_identification:_identify(src/pwm_msg) by extension 'colcon_pkg'
[1.447s] Level 1:colcon.colcon_core.package_identification:_identify(src/pwm_msg) by extensions ['colcon_meta']
[1.447s] Level 1:colcon.colcon_core.package_identification:_identify(src/pwm_msg) by extension 'colcon_meta'
[1.447s] Level 1:colcon.colcon_core.package_identification:_identify(src/pwm_msg) by extensions ['ros']
[1.448s] Level 1:colcon.colcon_core.package_identification:_identify(src/pwm_msg) by extension 'ros'
[1.457s] DEBUG:colcon.colcon_core.package_identification:Package 'src/pwm_msg' with type 'ros.ament_python' and name 'pwm_msg'
[1.457s] Level 1:colcon.colcon_core.package_identification:_identify(src/ros_to_serial) by extensions ['ignore', 'ignore_ament_install']
[1.458s] Level 1:colcon.colcon_core.package_identification:_identify(src/ros_to_serial) by extension 'ignore'
[1.458s] Level 1:colcon.colcon_core.package_identification:_identify(src/ros_to_serial) by extension 'ignore_ament_install'
[1.458s] Level 1:colcon.colcon_core.package_identification:_identify(src/ros_to_serial) by extensions ['colcon_pkg']
[1.458s] Level 1:colcon.colcon_core.package_identification:_identify(src/ros_to_serial) by extension 'colcon_pkg'
[1.459s] Level 1:colcon.colcon_core.package_identification:_identify(src/ros_to_serial) by extensions ['colcon_meta']
[1.459s] Level 1:colcon.colcon_core.package_identification:_identify(src/ros_to_serial) by extension 'colcon_meta'
[1.459s] Level 1:colcon.colcon_core.package_identification:_identify(src/ros_to_serial) by extensions ['ros']
[1.459s] Level 1:colcon.colcon_core.package_identification:_identify(src/ros_to_serial) by extension 'ros'
[1.462s] DEBUG:colcon.colcon_core.package_identification:Package 'src/ros_to_serial' with type 'ros.ament_python' and name 'ros_to_serial'
[1.462s] Level 1:colcon.colcon_core.package_discovery:discover_packages(recursive) using defaults
[1.462s] Level 1:colcon.colcon_core.package_discovery:discover_packages(ignore) discover
[1.462s] Level 1:colcon.colcon_core.package_discovery:discover_packages(ignore) using defaults
[1.462s] Level 1:colcon.colcon_core.package_discovery:discover_packages(path) discover
[1.462s] Level 1:colcon.colcon_core.package_discovery:discover_packages(path) using defaults
[1.580s] Level 1:colcon.colcon_core.package_discovery:discover_packages(prefix_path) check parameters
[1.580s] Level 1:colcon.colcon_core.package_discovery:discover_packages(prefix_path) discover
[1.588s] DEBUG:colcon.colcon_installed_package_information.package_discovery:Found 2 installed packages in /home/irl/robot_ws_raps/install
[1.598s] DEBUG:colcon.colcon_installed_package_information.package_discovery:Found 288 installed packages in /opt/ros/humble
[1.605s] Level 1:colcon.colcon_core.package_discovery:discover_packages(prefix_path) using defaults
[1.784s] Level 5:colcon.colcon_core.verb:set package 'pwm_msg' build argument 'cmake_args' from command line to 'None'
[1.784s] Level 5:colcon.colcon_core.verb:set package 'pwm_msg' build argument 'cmake_target' from command line to 'None'
[1.784s] Level 5:colcon.colcon_core.verb:set package 'pwm_msg' build argument 'cmake_target_skip_unavailable' from command line to 'False'
[1.784s] Level 5:colcon.colcon_core.verb:set package 'pwm_msg' build argument 'cmake_clean_cache' from command line to 'False'
[1.785s] Level 5:colcon.colcon_core.verb:set package 'pwm_msg' build argument 'cmake_clean_first' from command line to 'False'
[1.785s] Level 5:colcon.colcon_core.verb:set package 'pwm_msg' build argument 'cmake_force_configure' from command line to 'False'
[1.785s] Level 5:colcon.colcon_core.verb:set package 'pwm_msg' build argument 'ament_cmake_args' from command line to 'None'
[1.785s] Level 5:colcon.colcon_core.verb:set package 'pwm_msg' build argument 'catkin_cmake_args' from command line to 'None'
[1.785s] Level 5:colcon.colcon_core.verb:set package 'pwm_msg' build argument 'catkin_skip_building_tests' from command line to 'False'
[1.785s] DEBUG:colcon.colcon_core.verb:Building package 'pwm_msg' with the following arguments: {'ament_cmake_args': None, 'build_base': '/home/irl/robot_ws_raps/build/pwm_msg', 'catkin_cmake_args': None, 'catkin_skip_building_tests': False, 'cmake_args': None, 'cmake_clean_cache': False, 'cmake_clean_first': False, 'cmake_force_configure': False, 'cmake_target': None, 'cmake_target_skip_unavailable': False, 'install_base': '/home/irl/robot_ws_raps/install/pwm_msg', 'merge_install': False, 'path': '/home/irl/robot_ws_raps/src/pwm_msg', 'symlink_install': True, 'test_result_base': None}
[1.787s] Level 5:colcon.colcon_core.verb:set package 'ros_to_serial' build argument 'cmake_args' from command line to 'None'
[1.787s] Level 5:colcon.colcon_core.verb:set package 'ros_to_serial' build argument 'cmake_target' from command line to 'None'
[1.787s] Level 5:colcon.colcon_core.verb:set package 'ros_to_serial' build argument 'cmake_target_skip_unavailable' from command line to 'False'
[1.787s] Level 5:colcon.colcon_core.verb:set package 'ros_to_serial' build argument 'cmake_clean_cache' from command line to 'False'
[1.787s] Level 5:colcon.colcon_core.verb:set package 'ros_to_serial' build argument 'cmake_clean_first' from command line to 'False'
[1.787s] Level 5:colcon.colcon_core.verb:set package 'ros_to_serial' build argument 'cmake_force_configure' from command line to 'False'
[1.787s] Level 5:colcon.colcon_core.verb:set package 'ros_to_serial' build argument 'ament_cmake_args' from command line to 'None'
[1.787s] Level 5:colcon.colcon_core.verb:set package 'ros_to_serial' build argument 'catkin_cmake_args' from command line to 'None'
[1.788s] Level 5:colcon.colcon_core.verb:set package 'ros_to_serial' build argument 'catkin_skip_building_tests' from command line to 'False'
[1.788s] DEBUG:colcon.colcon_core.verb:Building package 'ros_to_serial' with the following arguments: {'ament_cmake_args': None, 'build_base': '/home/irl/robot_ws_raps/build/ros_to_serial', 'catkin_cmake_args': None, 'catkin_skip_building_tests': False, 'cmake_args': None, 'cmake_clean_cache': False, 'cmake_clean_first': False, 'cmake_force_configure': False, 'cmake_target': None, 'cmake_target_skip_unavailable': False, 'install_base': '/home/irl/robot_ws_raps/install/ros_to_serial', 'merge_install': False, 'path': '/home/irl/robot_ws_raps/src/ros_to_serial', 'symlink_install': True, 'test_result_base': None}
[1.788s] INFO:colcon.colcon_core.executor:Executing jobs using 'parallel' executor
[1.792s] DEBUG:colcon.colcon_parallel_executor.executor.parallel:run_until_complete
[1.793s] INFO:colcon.colcon_ros.task.ament_python.build:Building ROS package in '/home/irl/robot_ws_raps/src/pwm_msg' with build type 'ament_python'
[1.793s] Level 1:colcon.colcon_core.shell:create_environment_hook('pwm_msg', 'ament_prefix_path')
[1.803s] INFO:colcon.colcon_core.plugin_system:Skipping extension 'colcon_core.shell.bat': Not used on non-Windows systems
[1.804s] INFO:colcon.colcon_core.shell:Creating environment hook '/home/irl/robot_ws_raps/install/pwm_msg/share/pwm_msg/hook/ament_prefix_path.ps1'
[1.807s] INFO:colcon.colcon_core.shell:Creating environment descriptor '/home/irl/robot_ws_raps/install/pwm_msg/share/pwm_msg/hook/ament_prefix_path.dsv'
[1.809s] INFO:colcon.colcon_core.shell:Creating environment hook '/home/irl/robot_ws_raps/install/pwm_msg/share/pwm_msg/hook/ament_prefix_path.sh'
[1.813s] INFO:colcon.colcon_core.shell:Skip shell extension 'powershell' for command environment: Not usable outside of PowerShell
[1.813s] DEBUG:colcon.colcon_core.shell:Skip shell extension 'dsv' for command environment
[1.833s] INFO:colcon.colcon_ros.task.ament_python.build:Building ROS package in '/home/irl/robot_ws_raps/src/ros_to_serial' with build type 'ament_python'
[1.834s] Level 1:colcon.colcon_core.shell:create_environment_hook('ros_to_serial', 'ament_prefix_path')
[1.835s] INFO:colcon.colcon_core.shell:Creating environment hook '/home/irl/robot_ws_raps/install/ros_to_serial/share/ros_to_serial/hook/ament_prefix_path.ps1'
[1.837s] INFO:colcon.colcon_core.shell:Creating environment descriptor '/home/irl/robot_ws_raps/install/ros_to_serial/share/ros_to_serial/hook/ament_prefix_path.dsv'
[1.839s] INFO:colcon.colcon_core.shell:Creating environment hook '/home/irl/robot_ws_raps/install/ros_to_serial/share/ros_to_serial/hook/ament_prefix_path.sh'
[1.843s] INFO:colcon.colcon_core.shell:Skip shell extension 'powershell' for command environment: Not usable outside of PowerShell
[1.843s] DEBUG:colcon.colcon_core.shell:Skip shell extension 'dsv' for command environment
[3.186s] INFO:colcon.colcon_core.task.python.build:Building Python package in '/home/irl/robot_ws_raps/src/pwm_msg'
[3.187s] INFO:colcon.colcon_core.shell:Skip shell extension 'powershell' for command environment: Not usable outside of PowerShell
[3.187s] DEBUG:colcon.colcon_core.shell:Skip shell extension 'dsv' for command environment
[4.579s] INFO:colcon.colcon_core.task.python.build:Building Python package in '/home/irl/robot_ws_raps/src/ros_to_serial'
[4.580s] INFO:colcon.colcon_core.shell:Skip shell extension 'powershell' for command environment: Not usable outside of PowerShell
[4.580s] DEBUG:colcon.colcon_core.shell:Skip shell extension 'dsv' for command environment
[6.528s] DEBUG:colcon.colcon_core.event_handler.log_command:Invoking command in '/home/irl/robot_ws_raps/build/pwm_msg': PYTHONPATH=/home/irl/robot_ws_raps/build/pwm_msg/prefix_override:/home/irl/robot_ws_raps/install/pwm_msg/lib/python3.10/site-packages:${PYTHONPATH} /usr/bin/python3 -W ignore:setup.py install is deprecated setup.py develop --editable --build-directory /home/irl/robot_ws_raps/build/pwm_msg/build --no-deps symlink_data
[6.568s] DEBUG:colcon.colcon_core.event_handler.log_command:Invoking command in '/home/irl/robot_ws_raps/build/ros_to_serial': PYTHONPATH=/home/irl/robot_ws_raps/build/ros_to_serial/prefix_override:/home/irl/robot_ws_raps/install/ros_to_serial/lib/python3.10/site-packages:${PYTHONPATH} /usr/bin/python3 -W ignore:setup.py install is deprecated setup.py develop --editable --build-directory /home/irl/robot_ws_raps/build/ros_to_serial/build --no-deps symlink_data
[9.308s] Level 1:colcon.colcon_core.shell:create_environment_hook('pwm_msg', 'pythonpath_develop')
[9.310s] INFO:colcon.colcon_core.shell:Creating environment hook '/home/irl/robot_ws_raps/build/pwm_msg/share/pwm_msg/hook/pythonpath_develop.ps1'
[9.312s] DEBUG:colcon.colcon_core.event_handler.log_command:Invoked command in '/home/irl/robot_ws_raps/build/pwm_msg' returned '0': PYTHONPATH=/home/irl/robot_ws_raps/build/pwm_msg/prefix_override:/home/irl/robot_ws_raps/install/pwm_msg/lib/python3.10/site-packages:${PYTHONPATH} /usr/bin/python3 -W ignore:setup.py install is deprecated setup.py develop --editable --build-directory /home/irl/robot_ws_raps/build/pwm_msg/build --no-deps symlink_data
[9.315s] INFO:colcon.colcon_core.shell:Creating environment descriptor '/home/irl/robot_ws_raps/build/pwm_msg/share/pwm_msg/hook/pythonpath_develop.dsv'
[9.317s] INFO:colcon.colcon_core.shell:Creating environment hook '/home/irl/robot_ws_raps/build/pwm_msg/share/pwm_msg/hook/pythonpath_develop.sh'
[9.345s] Level 1:colcon.colcon_core.environment:checking '/home/irl/robot_ws_raps/install/pwm_msg' for CMake module files
[9.348s] Level 1:colcon.colcon_core.environment:checking '/home/irl/robot_ws_raps/install/pwm_msg' for CMake config files
[9.355s] Level 1:colcon.colcon_core.environment:checking '/home/irl/robot_ws_raps/install/pwm_msg/lib'
[9.359s] Level 1:colcon.colcon_core.environment:checking '/home/irl/robot_ws_raps/install/pwm_msg/bin'
[9.360s] Level 1:colcon.colcon_core.environment:checking '/home/irl/robot_ws_raps/install/pwm_msg/lib/pkgconfig/pwm_msg.pc'
[9.362s] Level 1:colcon.colcon_core.environment:checking '/home/irl/robot_ws_raps/install/pwm_msg/lib/python3.10/site-packages'
[9.363s] Level 1:colcon.colcon_core.shell:create_environment_hook('pwm_msg', 'pythonpath')
[9.365s] INFO:colcon.colcon_core.shell:Creating environment hook '/home/irl/robot_ws_raps/install/pwm_msg/share/pwm_msg/hook/pythonpath.ps1'
[9.369s] INFO:colcon.colcon_core.shell:Creating environment descriptor '/home/irl/robot_ws_raps/install/pwm_msg/share/pwm_msg/hook/pythonpath.dsv'
[9.372s] INFO:colcon.colcon_core.shell:Creating environment hook '/home/irl/robot_ws_raps/install/pwm_msg/share/pwm_msg/hook/pythonpath.sh'
[9.377s] Level 1:colcon.colcon_core.environment:checking '/home/irl/robot_ws_raps/install/pwm_msg/bin'
[9.377s] Level 1:colcon.colcon_core.environment:create_environment_scripts_only(pwm_msg)
[9.380s] INFO:colcon.colcon_core.shell:Creating package script '/home/irl/robot_ws_raps/install/pwm_msg/share/pwm_msg/package.ps1'
[9.385s] INFO:colcon.colcon_core.shell:Creating package descriptor '/home/irl/robot_ws_raps/install/pwm_msg/share/pwm_msg/package.dsv'
[9.390s] INFO:colcon.colcon_core.shell:Creating package script '/home/irl/robot_ws_raps/install/pwm_msg/share/pwm_msg/package.sh'
[9.398s] INFO:colcon.colcon_core.shell:Creating package script '/home/irl/robot_ws_raps/install/pwm_msg/share/pwm_msg/package.bash'
[9.406s] INFO:colcon.colcon_core.shell:Creating package script '/home/irl/robot_ws_raps/install/pwm_msg/share/pwm_msg/package.zsh'
[9.415s] Level 1:colcon.colcon_core.environment:create_file_with_runtime_dependencies(/home/irl/robot_ws_raps/install/pwm_msg/share/colcon-core/packages/pwm_msg)
[9.425s] Level 1:colcon.colcon_core.shell:create_environment_hook('ros_to_serial', 'pythonpath_develop')
[9.428s] INFO:colcon.colcon_core.shell:Creating environment hook '/home/irl/robot_ws_raps/build/ros_to_serial/share/ros_to_serial/hook/pythonpath_develop.ps1'
[9.431s] INFO:colcon.colcon_core.shell:Creating environment descriptor '/home/irl/robot_ws_raps/build/ros_to_serial/share/ros_to_serial/hook/pythonpath_develop.dsv'
[9.432s] DEBUG:colcon.colcon_core.event_handler.log_command:Invoked command in '/home/irl/robot_ws_raps/build/ros_to_serial' returned '0': PYTHONPATH=/home/irl/robot_ws_raps/build/ros_to_serial/prefix_override:/home/irl/robot_ws_raps/install/ros_to_serial/lib/python3.10/site-packages:${PYTHONPATH} /usr/bin/python3 -W ignore:setup.py install is deprecated setup.py develop --editable --build-directory /home/irl/robot_ws_raps/build/ros_to_serial/build --no-deps symlink_data
[9.434s] INFO:colcon.colcon_core.shell:Creating environment hook '/home/irl/robot_ws_raps/build/ros_to_serial/share/ros_to_serial/hook/pythonpath_develop.sh'
[9.437s] Level 1:colcon.colcon_core.environment:checking '/home/irl/robot_ws_raps/install/ros_to_serial' for CMake module files
[9.440s] Level 1:colcon.colcon_core.environment:checking '/home/irl/robot_ws_raps/install/ros_to_serial' for CMake config files
[9.443s] Level 1:colcon.colcon_core.environment:checking '/home/irl/robot_ws_raps/install/ros_to_serial/lib'
[9.444s] Level 1:colcon.colcon_core.environment:checking '/home/irl/robot_ws_raps/install/ros_to_serial/bin'
[9.445s] Level 1:colcon.colcon_core.environment:checking '/home/irl/robot_ws_raps/install/ros_to_serial/lib/pkgconfig/ros_to_serial.pc'
[9.446s] Level 1:colcon.colcon_core.environment:checking '/home/irl/robot_ws_raps/install/ros_to_serial/lib/python3.10/site-packages'
[9.446s] Level 1:colcon.colcon_core.shell:create_environment_hook('ros_to_serial', 'pythonpath')
[9.447s] INFO:colcon.colcon_core.shell:Creating environment hook '/home/irl/robot_ws_raps/install/ros_to_serial/share/ros_to_serial/hook/pythonpath.ps1'
[9.450s] INFO:colcon.colcon_core.shell:Creating environment descriptor '/home/irl/robot_ws_raps/install/ros_to_serial/share/ros_to_serial/hook/pythonpath.dsv'
[9.452s] INFO:colcon.colcon_core.shell:Creating environment hook '/home/irl/robot_ws_raps/install/ros_to_serial/share/ros_to_serial/hook/pythonpath.sh'
[9.456s] Level 1:colcon.colcon_core.environment:checking '/home/irl/robot_ws_raps/install/ros_to_serial/bin'
[9.456s] Level 1:colcon.colcon_core.environment:create_environment_scripts_only(ros_to_serial)
[9.458s] INFO:colcon.colcon_core.shell:Creating package script '/home/irl/robot_ws_raps/install/ros_to_serial/share/ros_to_serial/package.ps1'
[9.461s] INFO:colcon.colcon_core.shell:Creating package descriptor '/home/irl/robot_ws_raps/install/ros_to_serial/share/ros_to_serial/package.dsv'
[9.464s] INFO:colcon.colcon_core.shell:Creating package script '/home/irl/robot_ws_raps/install/ros_to_serial/share/ros_to_serial/package.sh'
[9.467s] INFO:colcon.colcon_core.shell:Creating package script '/home/irl/robot_ws_raps/install/ros_to_serial/share/ros_to_serial/package.bash'
[9.469s] INFO:colcon.colcon_core.shell:Creating package script '/home/irl/robot_ws_raps/install/ros_to_serial/share/ros_to_serial/package.zsh'
[9.472s] Level 1:colcon.colcon_core.environment:create_file_with_runtime_dependencies(/home/irl/robot_ws_raps/install/ros_to_serial/share/colcon-core/packages/ros_to_serial)
[9.473s] DEBUG:colcon.colcon_parallel_executor.executor.parallel:closing loop
[9.474s] DEBUG:colcon.colcon_parallel_executor.executor.parallel:loop closed
[9.475s] DEBUG:colcon.colcon_parallel_executor.executor.parallel:run_until_complete finished with '0'
[9.476s] DEBUG:colcon.colcon_core.event_reactor:joining thread
[9.505s] INFO:colcon.colcon_core.plugin_system:Skipping extension 'colcon_notification.desktop_notification.terminal_notifier': Not used on non-Darwin systems
[9.506s] INFO:colcon.colcon_core.plugin_system:Skipping extension 'colcon_notification.desktop_notification.win32': Not used on non-Windows systems
[9.506s] INFO:colcon.colcon_notification.desktop_notification:Sending desktop notification using 'notify2'
[9.553s] DEBUG:colcon.colcon_core.event_reactor:joined thread
[9.554s] INFO:colcon.colcon_core.shell:Creating prefix script '/home/irl/robot_ws_raps/install/local_setup.ps1'
[9.558s] INFO:colcon.colcon_core.shell:Creating prefix util module '/home/irl/robot_ws_raps/install/_local_setup_util_ps1.py'
[9.564s] INFO:colcon.colcon_core.shell:Creating prefix chain script '/home/irl/robot_ws_raps/install/setup.ps1'
[9.568s] INFO:colcon.colcon_core.shell:Creating prefix script '/home/irl/robot_ws_raps/install/local_setup.sh'
[9.570s] INFO:colcon.colcon_core.shell:Creating prefix util module '/home/irl/robot_ws_raps/install/_local_setup_util_sh.py'
[9.573s] INFO:colcon.colcon_core.shell:Creating prefix chain script '/home/irl/robot_ws_raps/install/setup.sh'
[9.577s] INFO:colcon.colcon_core.shell:Creating prefix script '/home/irl/robot_ws_raps/install/local_setup.bash'
[9.580s] INFO:colcon.colcon_core.shell:Creating prefix chain script '/home/irl/robot_ws_raps/install/setup.bash'
[9.584s] INFO:colcon.colcon_core.shell:Creating prefix script '/home/irl/robot_ws_raps/install/local_setup.zsh'
[9.586s] INFO:colcon.colcon_core.shell:Creating prefix chain script '/home/irl/robot_ws_raps/install/setup.zsh'
