[4.629s] Invoking command in '/home/irl/robot_ws_raps/build/ros_to_serial': PYTHONPATH=/home/irl/robot_ws_raps/build/ros_to_serial/prefix_override:/home/irl/robot_ws_raps/install/ros_to_serial/lib/python3.10/site-packages:${PYTHONPATH} /usr/bin/python3 -W ignore:setup.py install is deprecated setup.py develop --editable --build-directory /home/irl/robot_ws_raps/build/ros_to_serial/build --no-deps symlink_data
[6.158s] running develop
[7.250s] running egg_info
[7.251s] creating ros_to_serial.egg-info
[7.252s] writing ros_to_serial.egg-info/PKG-INFO
[7.253s] writing dependency_links to ros_to_serial.egg-info/dependency_links.txt
[7.259s] writing entry points to ros_to_serial.egg-info/entry_points.txt
[7.260s] writing requirements to ros_to_serial.egg-info/requires.txt
[7.265s] writing top-level names to ros_to_serial.egg-info/top_level.txt
[7.266s] writing manifest file 'ros_to_serial.egg-info/SOURCES.txt'
[7.271s] reading manifest file 'ros_to_serial.egg-info/SOURCES.txt'
[7.273s] writing manifest file 'ros_to_serial.egg-info/SOURCES.txt'
[7.281s] running build_ext
[7.284s] Creating /home/irl/robot_ws_raps/install/ros_to_serial/lib/python3.10/site-packages/ros-to-serial.egg-link (link to .)
[7.288s] Installing Serial script to /home/irl/robot_ws_raps/install/ros_to_serial/lib/ros_to_serial
[7.291s] 
[7.292s] Installed /home/irl/robot_ws_raps/build/ros_to_serial
[7.293s] running symlink_data
[7.294s] creating /home/irl/robot_ws_raps/install/ros_to_serial/share/ament_index
[7.295s] creating /home/irl/robot_ws_raps/install/ros_to_serial/share/ament_index/resource_index
[7.296s] creating /home/irl/robot_ws_raps/install/ros_to_serial/share/ament_index/resource_index/packages
[7.310s] symbolically linking /home/irl/robot_ws_raps/build/ros_to_serial/resource/ros_to_serial -> /home/irl/robot_ws_raps/install/ros_to_serial/share/ament_index/resource_index/packages
[7.312s] symbolically linking /home/irl/robot_ws_raps/build/ros_to_serial/package.xml -> /home/irl/robot_ws_raps/install/ros_to_serial/share/ros_to_serial
[7.484s] Invoked command in '/home/irl/robot_ws_raps/build/ros_to_serial' returned '0': PYTHONPATH=/home/irl/robot_ws_raps/build/ros_to_serial/prefix_override:/home/irl/robot_ws_raps/install/ros_to_serial/lib/python3.10/site-packages:${PYTHONPATH} /usr/bin/python3 -W ignore:setup.py install is deprecated setup.py develop --editable --build-directory /home/irl/robot_ws_raps/build/ros_to_serial/build --no-deps symlink_data
