[0.448s] DEBUG:colcon:Command line arguments: ['/usr/bin/colcon', 'build', '--symlink-install']
[0.449s] DEBUG:colcon:Parsed command line arguments: Namespace(log_base=None, log_level=None, verb_name='build', build_base='build', install_base='install', merge_install=False, symlink_install=True, test_result_base=None, continue_on_error=False, executor='parallel', parallel_workers=4, event_handlers=None, ignore_user_meta=False, metas=['./colcon.meta'], base_paths=['.'], packages_ignore=None, packages_ignore_regex=None, paths=None, packages_up_to=None, packages_up_to_regex=None, packages_above=None, packages_above_and_dependencies=None, packages_above_depth=None, packages_select_by_dep=None, packages_skip_by_dep=None, packages_skip_up_to=None, packages_select_build_failed=False, packages_skip_build_finished=False, packages_select_test_failures=False, packages_skip_test_passed=False, packages_select=None, packages_skip=None, packages_select_regex=None, packages_skip_regex=None, packages_start=None, packages_end=None, allow_overriding=[], cmake_args=None, cmake_target=None, cmake_target_skip_unavailable=False, cmake_clean_cache=False, cmake_clean_first=False, cmake_force_configure=False, ament_cmake_args=None, catkin_cmake_args=None, catkin_skip_building_tests=False, verb_parser=<colcon_defaults.argument_parser.defaults.DefaultArgumentsDecorator object at 0xffff7e4d49a0>, verb_extension=<colcon_core.verb.build.BuildVerb object at 0xffff7e60d5a0>, main=<bound method BuildVerb.main of <colcon_core.verb.build.BuildVerb object at 0xffff7e60d5a0>>)
[1.382s] Level 1:colcon.colcon_core.package_discovery:discover_packages(colcon_meta) check parameters
[1.383s] Level 1:colcon.colcon_core.package_discovery:discover_packages(recursive) check parameters
[1.383s] Level 1:colcon.colcon_core.package_discovery:discover_packages(ignore) check parameters
[1.383s] Level 1:colcon.colcon_core.package_discovery:discover_packages(path) check parameters
[1.383s] Level 1:colcon.colcon_core.package_discovery:discover_packages(colcon_meta) discover
[1.383s] Level 1:colcon.colcon_core.package_discovery:discover_packages(recursive) discover
[1.383s] INFO:colcon.colcon_core.package_discovery:Crawling recursively for packages in '/home/irl/robot_ws_raps'
[1.384s] Level 1:colcon.colcon_core.package_identification:_identify(.) by extensions ['ignore', 'ignore_ament_install']
[1.384s] Level 1:colcon.colcon_core.package_identification:_identify(.) by extension 'ignore'
[1.385s] Level 1:colcon.colcon_core.package_identification:_identify(.) by extension 'ignore_ament_install'
[1.385s] Level 1:colcon.colcon_core.package_identification:_identify(.) by extensions ['colcon_pkg']
[1.385s] Level 1:colcon.colcon_core.package_identification:_identify(.) by extension 'colcon_pkg'
[1.385s] Level 1:colcon.colcon_core.package_identification:_identify(.) by extensions ['colcon_meta']
[1.385s] Level 1:colcon.colcon_core.package_identification:_identify(.) by extension 'colcon_meta'
[1.385s] Level 1:colcon.colcon_core.package_identification:_identify(.) by extensions ['ros']
[1.385s] Level 1:colcon.colcon_core.package_identification:_identify(.) by extension 'ros'
[1.429s] Level 1:colcon.colcon_core.package_identification:_identify(.) by extensions ['cmake', 'python']
[1.429s] Level 1:colcon.colcon_core.package_identification:_identify(.) by extension 'cmake'
[1.430s] Level 1:colcon.colcon_core.package_identification:_identify(.) by extension 'python'
[1.430s] Level 1:colcon.colcon_core.package_identification:_identify(.) by extensions ['python_setup_py']
[1.430s] Level 1:colcon.colcon_core.package_identification:_identify(.) by extension 'python_setup_py'
[1.431s] Level 1:colcon.colcon_core.package_identification:_identify(build) by extensions ['ignore', 'ignore_ament_install']
[1.431s] Level 1:colcon.colcon_core.package_identification:_identify(build) by extension 'ignore'
[1.431s] Level 1:colcon.colcon_core.package_identification:_identify(build) ignored
[1.432s] Level 1:colcon.colcon_core.package_identification:_identify(install) by extensions ['ignore', 'ignore_ament_install']
[1.432s] Level 1:colcon.colcon_core.package_identification:_identify(install) by extension 'ignore'
[1.432s] Level 1:colcon.colcon_core.package_identification:_identify(install) ignored
[1.433s] Level 1:colcon.colcon_core.package_identification:_identify(log) by extensions ['ignore', 'ignore_ament_install']
[1.433s] Level 1:colcon.colcon_core.package_identification:_identify(log) by extension 'ignore'
[1.434s] Level 1:colcon.colcon_core.package_identification:_identify(log) ignored
[1.434s] Level 1:colcon.colcon_core.package_identification:_identify(src) by extensions ['ignore', 'ignore_ament_install']
[1.434s] Level 1:colcon.colcon_core.package_identification:_identify(src) by extension 'ignore'
[1.435s] Level 1:colcon.colcon_core.package_identification:_identify(src) by extension 'ignore_ament_install'
[1.435s] Level 1:colcon.colcon_core.package_identification:_identify(src) by extensions ['colcon_pkg']
[1.435s] Level 1:colcon.colcon_core.package_identification:_identify(src) by extension 'colcon_pkg'
[1.435s] Level 1:colcon.colcon_core.package_identification:_identify(src) by extensions ['colcon_meta']
[1.435s] Level 1:colcon.colcon_core.package_identification:_identify(src) by extension 'colcon_meta'
[1.435s] Level 1:colcon.colcon_core.package_identification:_identify(src) by extensions ['ros']
[1.436s] Level 1:colcon.colcon_core.package_identification:_identify(src) by extension 'ros'
[1.436s] Level 1:colcon.colcon_core.package_identification:_identify(src) by extensions ['cmake', 'python']
[1.436s] Level 1:colcon.colcon_core.package_identification:_identify(src) by extension 'cmake'
[1.436s] Level 1:colcon.colcon_core.package_identification:_identify(src) by extension 'python'
[1.436s] Level 1:colcon.colcon_core.package_identification:_identify(src) by extensions ['python_setup_py']
[1.436s] Level 1:colcon.colcon_core.package_identification:_identify(src) by extension 'python_setup_py'
[1.437s] Level 1:colcon.colcon_core.package_identification:_identify(src/pwm_msg) by extensions ['ignore', 'ignore_ament_install']
[1.437s] Level 1:colcon.colcon_core.package_identification:_identify(src/pwm_msg) by extension 'ignore'
[1.437s] Level 1:colcon.colcon_core.package_identification:_identify(src/pwm_msg) by extension 'ignore_ament_install'
[1.438s] Level 1:colcon.colcon_core.package_identification:_identify(src/pwm_msg) by extensions ['colcon_pkg']
[1.438s] Level 1:colcon.colcon_core.package_identification:_identify(src/pwm_msg) by extension 'colcon_pkg'
[1.438s] Level 1:colcon.colcon_core.package_identification:_identify(src/pwm_msg) by extensions ['colcon_meta']
[1.438s] Level 1:colcon.colcon_core.package_identification:_identify(src/pwm_msg) by extension 'colcon_meta'
[1.438s] Level 1:colcon.colcon_core.package_identification:_identify(src/pwm_msg) by extensions ['ros']
[1.438s] Level 1:colcon.colcon_core.package_identification:_identify(src/pwm_msg) by extension 'ros'
[1.448s] DEBUG:colcon.colcon_core.package_identification:Package 'src/pwm_msg' with type 'ros.ament_python' and name 'pwm_msg'
[1.448s] Level 1:colcon.colcon_core.package_identification:_identify(src/ros_to_serial) by extensions ['ignore', 'ignore_ament_install']
[1.449s] Level 1:colcon.colcon_core.package_identification:_identify(src/ros_to_serial) by extension 'ignore'
[1.449s] Level 1:colcon.colcon_core.package_identification:_identify(src/ros_to_serial) by extension 'ignore_ament_install'
[1.449s] Level 1:colcon.colcon_core.package_identification:_identify(src/ros_to_serial) by extensions ['colcon_pkg']
[1.449s] Level 1:colcon.colcon_core.package_identification:_identify(src/ros_to_serial) by extension 'colcon_pkg'
[1.449s] Level 1:colcon.colcon_core.package_identification:_identify(src/ros_to_serial) by extensions ['colcon_meta']
[1.449s] Level 1:colcon.colcon_core.package_identification:_identify(src/ros_to_serial) by extension 'colcon_meta'
[1.450s] Level 1:colcon.colcon_core.package_identification:_identify(src/ros_to_serial) by extensions ['ros']
[1.450s] Level 1:colcon.colcon_core.package_identification:_identify(src/ros_to_serial) by extension 'ros'
[1.452s] DEBUG:colcon.colcon_core.package_identification:Package 'src/ros_to_serial' with type 'ros.ament_python' and name 'ros_to_serial'
[1.453s] Level 1:colcon.colcon_core.package_discovery:discover_packages(recursive) using defaults
[1.453s] Level 1:colcon.colcon_core.package_discovery:discover_packages(ignore) discover
[1.453s] Level 1:colcon.colcon_core.package_discovery:discover_packages(ignore) using defaults
[1.453s] Level 1:colcon.colcon_core.package_discovery:discover_packages(path) discover
[1.453s] Level 1:colcon.colcon_core.package_discovery:discover_packages(path) using defaults
[1.569s] Level 1:colcon.colcon_core.package_discovery:discover_packages(prefix_path) check parameters
[1.569s] Level 1:colcon.colcon_core.package_discovery:discover_packages(prefix_path) discover
[1.577s] DEBUG:colcon.colcon_installed_package_information.package_discovery:Found 2 installed packages in /home/irl/robot_ws_raps/install
[1.587s] DEBUG:colcon.colcon_installed_package_information.package_discovery:Found 288 installed packages in /opt/ros/humble
[1.594s] Level 1:colcon.colcon_core.package_discovery:discover_packages(prefix_path) using defaults
[1.771s] Level 5:colcon.colcon_core.verb:set package 'pwm_msg' build argument 'cmake_args' from command line to 'None'
[1.771s] Level 5:colcon.colcon_core.verb:set package 'pwm_msg' build argument 'cmake_target' from command line to 'None'
[1.772s] Level 5:colcon.colcon_core.verb:set package 'pwm_msg' build argument 'cmake_target_skip_unavailable' from command line to 'False'
[1.772s] Level 5:colcon.colcon_core.verb:set package 'pwm_msg' build argument 'cmake_clean_cache' from command line to 'False'
[1.772s] Level 5:colcon.colcon_core.verb:set package 'pwm_msg' build argument 'cmake_clean_first' from command line to 'False'
[1.772s] Level 5:colcon.colcon_core.verb:set package 'pwm_msg' build argument 'cmake_force_configure' from command line to 'False'
[1.772s] Level 5:colcon.colcon_core.verb:set package 'pwm_msg' build argument 'ament_cmake_args' from command line to 'None'
[1.772s] Level 5:colcon.colcon_core.verb:set package 'pwm_msg' build argument 'catkin_cmake_args' from command line to 'None'
[1.772s] Level 5:colcon.colcon_core.verb:set package 'pwm_msg' build argument 'catkin_skip_building_tests' from command line to 'False'
[1.772s] DEBUG:colcon.colcon_core.verb:Building package 'pwm_msg' with the following arguments: {'ament_cmake_args': None, 'build_base': '/home/irl/robot_ws_raps/build/pwm_msg', 'catkin_cmake_args': None, 'catkin_skip_building_tests': False, 'cmake_args': None, 'cmake_clean_cache': False, 'cmake_clean_first': False, 'cmake_force_configure': False, 'cmake_target': None, 'cmake_target_skip_unavailable': False, 'install_base': '/home/irl/robot_ws_raps/install/pwm_msg', 'merge_install': False, 'path': '/home/irl/robot_ws_raps/src/pwm_msg', 'symlink_install': True, 'test_result_base': None}
[1.774s] Level 5:colcon.colcon_core.verb:set package 'ros_to_serial' build argument 'cmake_args' from command line to 'None'
[1.774s] Level 5:colcon.colcon_core.verb:set package 'ros_to_serial' build argument 'cmake_target' from command line to 'None'
[1.774s] Level 5:colcon.colcon_core.verb:set package 'ros_to_serial' build argument 'cmake_target_skip_unavailable' from command line to 'False'
[1.774s] Level 5:colcon.colcon_core.verb:set package 'ros_to_serial' build argument 'cmake_clean_cache' from command line to 'False'
[1.774s] Level 5:colcon.colcon_core.verb:set package 'ros_to_serial' build argument 'cmake_clean_first' from command line to 'False'
[1.775s] Level 5:colcon.colcon_core.verb:set package 'ros_to_serial' build argument 'cmake_force_configure' from command line to 'False'
[1.775s] Level 5:colcon.colcon_core.verb:set package 'ros_to_serial' build argument 'ament_cmake_args' from command line to 'None'
[1.775s] Level 5:colcon.colcon_core.verb:set package 'ros_to_serial' build argument 'catkin_cmake_args' from command line to 'None'
[1.775s] Level 5:colcon.colcon_core.verb:set package 'ros_to_serial' build argument 'catkin_skip_building_tests' from command line to 'False'
[1.775s] DEBUG:colcon.colcon_core.verb:Building package 'ros_to_serial' with the following arguments: {'ament_cmake_args': None, 'build_base': '/home/irl/robot_ws_raps/build/ros_to_serial', 'catkin_cmake_args': None, 'catkin_skip_building_tests': False, 'cmake_args': None, 'cmake_clean_cache': False, 'cmake_clean_first': False, 'cmake_force_configure': False, 'cmake_target': None, 'cmake_target_skip_unavailable': False, 'install_base': '/home/irl/robot_ws_raps/install/ros_to_serial', 'merge_install': False, 'path': '/home/irl/robot_ws_raps/src/ros_to_serial', 'symlink_install': True, 'test_result_base': None}
[1.776s] INFO:colcon.colcon_core.executor:Executing jobs using 'parallel' executor
[1.779s] DEBUG:colcon.colcon_parallel_executor.executor.parallel:run_until_complete
[1.780s] INFO:colcon.colcon_ros.task.ament_python.build:Building ROS package in '/home/irl/robot_ws_raps/src/pwm_msg' with build type 'ament_python'
[1.781s] Level 1:colcon.colcon_core.shell:create_environment_hook('pwm_msg', 'ament_prefix_path')
[1.790s] INFO:colcon.colcon_core.plugin_system:Skipping extension 'colcon_core.shell.bat': Not used on non-Windows systems
[1.791s] INFO:colcon.colcon_core.shell:Creating environment hook '/home/irl/robot_ws_raps/install/pwm_msg/share/pwm_msg/hook/ament_prefix_path.ps1'
[1.794s] INFO:colcon.colcon_core.shell:Creating environment descriptor '/home/irl/robot_ws_raps/install/pwm_msg/share/pwm_msg/hook/ament_prefix_path.dsv'
[1.796s] INFO:colcon.colcon_core.shell:Creating environment hook '/home/irl/robot_ws_raps/install/pwm_msg/share/pwm_msg/hook/ament_prefix_path.sh'
[1.800s] INFO:colcon.colcon_core.shell:Skip shell extension 'powershell' for command environment: Not usable outside of PowerShell
[1.800s] DEBUG:colcon.colcon_core.shell:Skip shell extension 'dsv' for command environment
[1.819s] INFO:colcon.colcon_ros.task.ament_python.build:Building ROS package in '/home/irl/robot_ws_raps/src/ros_to_serial' with build type 'ament_python'
[1.820s] Level 1:colcon.colcon_core.shell:create_environment_hook('ros_to_serial', 'ament_prefix_path')
[1.821s] INFO:colcon.colcon_core.shell:Creating environment hook '/home/irl/robot_ws_raps/install/ros_to_serial/share/ros_to_serial/hook/ament_prefix_path.ps1'
[1.824s] INFO:colcon.colcon_core.shell:Creating environment descriptor '/home/irl/robot_ws_raps/install/ros_to_serial/share/ros_to_serial/hook/ament_prefix_path.dsv'
[1.829s] INFO:colcon.colcon_core.shell:Creating environment hook '/home/irl/robot_ws_raps/install/ros_to_serial/share/ros_to_serial/hook/ament_prefix_path.sh'
[1.832s] INFO:colcon.colcon_core.shell:Skip shell extension 'powershell' for command environment: Not usable outside of PowerShell
[1.833s] DEBUG:colcon.colcon_core.shell:Skip shell extension 'dsv' for command environment
[3.154s] INFO:colcon.colcon_core.task.python.build:Building Python package in '/home/irl/robot_ws_raps/src/pwm_msg'
[3.155s] INFO:colcon.colcon_core.shell:Skip shell extension 'powershell' for command environment: Not usable outside of PowerShell
[3.155s] DEBUG:colcon.colcon_core.shell:Skip shell extension 'dsv' for command environment
[4.483s] INFO:colcon.colcon_core.task.python.build:Building Python package in '/home/irl/robot_ws_raps/src/ros_to_serial'
[4.484s] INFO:colcon.colcon_core.shell:Skip shell extension 'powershell' for command environment: Not usable outside of PowerShell
[4.485s] DEBUG:colcon.colcon_core.shell:Skip shell extension 'dsv' for command environment
[6.441s] DEBUG:colcon.colcon_core.event_handler.log_command:Invoking command in '/home/irl/robot_ws_raps/build/pwm_msg': PYTHONPATH=/home/irl/robot_ws_raps/build/pwm_msg/prefix_override:/home/irl/robot_ws_raps/install/pwm_msg/lib/python3.10/site-packages:${PYTHONPATH} /usr/bin/python3 -W ignore:setup.py install is deprecated setup.py develop --editable --build-directory /home/irl/robot_ws_raps/build/pwm_msg/build --no-deps symlink_data
[6.464s] DEBUG:colcon.colcon_core.event_handler.log_command:Invoking command in '/home/irl/robot_ws_raps/build/ros_to_serial': PYTHONPATH=/home/irl/robot_ws_raps/build/ros_to_serial/prefix_override:/home/irl/robot_ws_raps/install/ros_to_serial/lib/python3.10/site-packages:${PYTHONPATH} /usr/bin/python3 -W ignore:setup.py install is deprecated setup.py develop --editable --build-directory /home/irl/robot_ws_raps/build/ros_to_serial/build --no-deps symlink_data
[9.276s] Level 1:colcon.colcon_core.shell:create_environment_hook('pwm_msg', 'pythonpath_develop')
[9.281s] INFO:colcon.colcon_core.shell:Creating environment hook '/home/irl/robot_ws_raps/build/pwm_msg/share/pwm_msg/hook/pythonpath_develop.ps1'
[9.279s] DEBUG:colcon.colcon_core.event_handler.log_command:Invoked command in '/home/irl/robot_ws_raps/build/pwm_msg' returned '0': PYTHONPATH=/home/irl/robot_ws_raps/build/pwm_msg/prefix_override:/home/irl/robot_ws_raps/install/pwm_msg/lib/python3.10/site-packages:${PYTHONPATH} /usr/bin/python3 -W ignore:setup.py install is deprecated setup.py develop --editable --build-directory /home/irl/robot_ws_raps/build/pwm_msg/build --no-deps symlink_data
[9.291s] INFO:colcon.colcon_core.shell:Creating environment descriptor '/home/irl/robot_ws_raps/build/pwm_msg/share/pwm_msg/hook/pythonpath_develop.dsv'
[9.298s] INFO:colcon.colcon_core.shell:Creating environment hook '/home/irl/robot_ws_raps/build/pwm_msg/share/pwm_msg/hook/pythonpath_develop.sh'
[9.333s] Level 1:colcon.colcon_core.environment:checking '/home/irl/robot_ws_raps/install/pwm_msg' for CMake module files
[9.336s] Level 1:colcon.colcon_core.environment:checking '/home/irl/robot_ws_raps/install/pwm_msg' for CMake config files
[9.343s] Level 1:colcon.colcon_core.environment:checking '/home/irl/robot_ws_raps/install/pwm_msg/lib'
[9.346s] Level 1:colcon.colcon_core.environment:checking '/home/irl/robot_ws_raps/install/pwm_msg/bin'
[9.347s] Level 1:colcon.colcon_core.environment:checking '/home/irl/robot_ws_raps/install/pwm_msg/lib/pkgconfig/pwm_msg.pc'
[9.350s] Level 1:colcon.colcon_core.environment:checking '/home/irl/robot_ws_raps/install/pwm_msg/lib/python3.10/site-packages'
[9.360s] Level 1:colcon.colcon_core.shell:create_environment_hook('pwm_msg', 'pythonpath')
[9.361s] INFO:colcon.colcon_core.shell:Creating environment hook '/home/irl/robot_ws_raps/install/pwm_msg/share/pwm_msg/hook/pythonpath.ps1'
[9.369s] INFO:colcon.colcon_core.shell:Creating environment descriptor '/home/irl/robot_ws_raps/install/pwm_msg/share/pwm_msg/hook/pythonpath.dsv'
[9.377s] INFO:colcon.colcon_core.shell:Creating environment hook '/home/irl/robot_ws_raps/install/pwm_msg/share/pwm_msg/hook/pythonpath.sh'
[9.385s] Level 1:colcon.colcon_core.environment:checking '/home/irl/robot_ws_raps/install/pwm_msg/bin'
[9.386s] Level 1:colcon.colcon_core.environment:create_environment_scripts_only(pwm_msg)
[9.390s] INFO:colcon.colcon_core.shell:Creating package script '/home/irl/robot_ws_raps/install/pwm_msg/share/pwm_msg/package.ps1'
[9.401s] INFO:colcon.colcon_core.shell:Creating package descriptor '/home/irl/robot_ws_raps/install/pwm_msg/share/pwm_msg/package.dsv'
[9.407s] INFO:colcon.colcon_core.shell:Creating package script '/home/irl/robot_ws_raps/install/pwm_msg/share/pwm_msg/package.sh'
[9.415s] INFO:colcon.colcon_core.shell:Creating package script '/home/irl/robot_ws_raps/install/pwm_msg/share/pwm_msg/package.bash'
[9.422s] INFO:colcon.colcon_core.shell:Creating package script '/home/irl/robot_ws_raps/install/pwm_msg/share/pwm_msg/package.zsh'
[9.429s] Level 1:colcon.colcon_core.environment:create_file_with_runtime_dependencies(/home/irl/robot_ws_raps/install/pwm_msg/share/colcon-core/packages/pwm_msg)
[9.455s] Level 1:colcon.colcon_core.shell:create_environment_hook('ros_to_serial', 'pythonpath_develop')
[9.457s] DEBUG:colcon.colcon_core.event_handler.log_command:Invoked command in '/home/irl/robot_ws_raps/build/ros_to_serial' returned '0': PYTHONPATH=/home/irl/robot_ws_raps/build/ros_to_serial/prefix_override:/home/irl/robot_ws_raps/install/ros_to_serial/lib/python3.10/site-packages:${PYTHONPATH} /usr/bin/python3 -W ignore:setup.py install is deprecated setup.py develop --editable --build-directory /home/irl/robot_ws_raps/build/ros_to_serial/build --no-deps symlink_data
[9.458s] INFO:colcon.colcon_core.shell:Creating environment hook '/home/irl/robot_ws_raps/build/ros_to_serial/share/ros_to_serial/hook/pythonpath_develop.ps1'
[9.461s] INFO:colcon.colcon_core.shell:Creating environment descriptor '/home/irl/robot_ws_raps/build/ros_to_serial/share/ros_to_serial/hook/pythonpath_develop.dsv'
[9.464s] INFO:colcon.colcon_core.shell:Creating environment hook '/home/irl/robot_ws_raps/build/ros_to_serial/share/ros_to_serial/hook/pythonpath_develop.sh'
[9.468s] Level 1:colcon.colcon_core.environment:checking '/home/irl/robot_ws_raps/install/ros_to_serial' for CMake module files
[9.471s] Level 1:colcon.colcon_core.environment:checking '/home/irl/robot_ws_raps/install/ros_to_serial' for CMake config files
[9.475s] Level 1:colcon.colcon_core.environment:checking '/home/irl/robot_ws_raps/install/ros_to_serial/lib'
[9.476s] Level 1:colcon.colcon_core.environment:checking '/home/irl/robot_ws_raps/install/ros_to_serial/bin'
[9.477s] Level 1:colcon.colcon_core.environment:checking '/home/irl/robot_ws_raps/install/ros_to_serial/lib/pkgconfig/ros_to_serial.pc'
[9.478s] Level 1:colcon.colcon_core.environment:checking '/home/irl/robot_ws_raps/install/ros_to_serial/lib/python3.10/site-packages'
[9.479s] Level 1:colcon.colcon_core.shell:create_environment_hook('ros_to_serial', 'pythonpath')
[9.480s] INFO:colcon.colcon_core.shell:Creating environment hook '/home/irl/robot_ws_raps/install/ros_to_serial/share/ros_to_serial/hook/pythonpath.ps1'
[9.483s] INFO:colcon.colcon_core.shell:Creating environment descriptor '/home/irl/robot_ws_raps/install/ros_to_serial/share/ros_to_serial/hook/pythonpath.dsv'
[9.485s] INFO:colcon.colcon_core.shell:Creating environment hook '/home/irl/robot_ws_raps/install/ros_to_serial/share/ros_to_serial/hook/pythonpath.sh'
[9.488s] Level 1:colcon.colcon_core.environment:checking '/home/irl/robot_ws_raps/install/ros_to_serial/bin'
[9.489s] Level 1:colcon.colcon_core.environment:create_environment_scripts_only(ros_to_serial)
[9.490s] INFO:colcon.colcon_core.shell:Creating package script '/home/irl/robot_ws_raps/install/ros_to_serial/share/ros_to_serial/package.ps1'
[9.493s] INFO:colcon.colcon_core.shell:Creating package descriptor '/home/irl/robot_ws_raps/install/ros_to_serial/share/ros_to_serial/package.dsv'
[9.496s] INFO:colcon.colcon_core.shell:Creating package script '/home/irl/robot_ws_raps/install/ros_to_serial/share/ros_to_serial/package.sh'
[9.499s] INFO:colcon.colcon_core.shell:Creating package script '/home/irl/robot_ws_raps/install/ros_to_serial/share/ros_to_serial/package.bash'
[9.501s] INFO:colcon.colcon_core.shell:Creating package script '/home/irl/robot_ws_raps/install/ros_to_serial/share/ros_to_serial/package.zsh'
[9.503s] Level 1:colcon.colcon_core.environment:create_file_with_runtime_dependencies(/home/irl/robot_ws_raps/install/ros_to_serial/share/colcon-core/packages/ros_to_serial)
[9.507s] DEBUG:colcon.colcon_parallel_executor.executor.parallel:closing loop
[9.508s] DEBUG:colcon.colcon_parallel_executor.executor.parallel:loop closed
[9.509s] DEBUG:colcon.colcon_parallel_executor.executor.parallel:run_until_complete finished with '0'
[9.510s] DEBUG:colcon.colcon_core.event_reactor:joining thread
[9.541s] INFO:colcon.colcon_core.plugin_system:Skipping extension 'colcon_notification.desktop_notification.terminal_notifier': Not used on non-Darwin systems
[9.542s] INFO:colcon.colcon_core.plugin_system:Skipping extension 'colcon_notification.desktop_notification.win32': Not used on non-Windows systems
[9.542s] INFO:colcon.colcon_notification.desktop_notification:Sending desktop notification using 'notify2'
[9.597s] DEBUG:colcon.colcon_core.event_reactor:joined thread
[9.598s] INFO:colcon.colcon_core.shell:Creating prefix script '/home/irl/robot_ws_raps/install/local_setup.ps1'
[9.603s] INFO:colcon.colcon_core.shell:Creating prefix util module '/home/irl/robot_ws_raps/install/_local_setup_util_ps1.py'
[9.609s] INFO:colcon.colcon_core.shell:Creating prefix chain script '/home/irl/robot_ws_raps/install/setup.ps1'
[9.614s] INFO:colcon.colcon_core.shell:Creating prefix script '/home/irl/robot_ws_raps/install/local_setup.sh'
[9.617s] INFO:colcon.colcon_core.shell:Creating prefix util module '/home/irl/robot_ws_raps/install/_local_setup_util_sh.py'
[9.620s] INFO:colcon.colcon_core.shell:Creating prefix chain script '/home/irl/robot_ws_raps/install/setup.sh'
[9.626s] INFO:colcon.colcon_core.shell:Creating prefix script '/home/irl/robot_ws_raps/install/local_setup.bash'
[9.629s] INFO:colcon.colcon_core.shell:Creating prefix chain script '/home/irl/robot_ws_raps/install/setup.bash'
[9.635s] INFO:colcon.colcon_core.shell:Creating prefix script '/home/irl/robot_ws_raps/install/local_setup.zsh'
[9.638s] INFO:colcon.colcon_core.shell:Creating prefix chain script '/home/irl/robot_ws_raps/install/setup.zsh'
