running develop
running egg_info
creating pwm_msg.egg-info
writing pwm_msg.egg-info/PKG-INFO
writing dependency_links to pwm_msg.egg-info/dependency_links.txt
writing entry points to pwm_msg.egg-info/entry_points.txt
writing requirements to pwm_msg.egg-info/requires.txt
writing top-level names to pwm_msg.egg-info/top_level.txt
writing manifest file 'pwm_msg.egg-info/SOURCES.txt'
reading manifest file 'pwm_msg.egg-info/SOURCES.txt'
writing manifest file 'pwm_msg.egg-info/SOURCES.txt'
running build_ext
Creating /home/irl/robot_ws_raps/install/pwm_msg/lib/python3.10/site-packages/pwm-msg.egg-link (link to .)

Installed /home/irl/robot_ws_raps/build/pwm_msg
running symlink_data
creating /home/irl/robot_ws_raps/install/pwm_msg/share
creating /home/irl/robot_ws_raps/install/pwm_msg/share/ament_index
creating /home/irl/robot_ws_raps/install/pwm_msg/share/ament_index/resource_index
creating /home/irl/robot_ws_raps/install/pwm_msg/share/ament_index/resource_index/packages
symbolically linking /home/irl/robot_ws_raps/build/pwm_msg/resource/pwm_msg -> /home/irl/robot_ws_raps/install/pwm_msg/share/ament_index/resource_index/packages
creating /home/irl/robot_ws_raps/install/pwm_msg/share/pwm_msg
symbolically linking /home/irl/robot_ws_raps/build/pwm_msg/package.xml -> /home/irl/robot_ws_raps/install/pwm_msg/share/pwm_msg
