[2.858s] Invoking command in '/home/irl/robot_ws_raps/build/pwm_msg': PYTHONPATH=/home/irl/robot_ws_raps/build/pwm_msg/prefix_override:/home/irl/robot_ws_raps/install/pwm_msg/lib/python3.10/site-packages:${PYTHONPATH} /usr/bin/python3 -W ignore:setup.py install is deprecated setup.py develop --editable --build-directory /home/irl/robot_ws_raps/build/pwm_msg/build --no-deps symlink_data
[4.153s] running develop
[5.029s] running egg_info
[5.030s] creating pwm_msg.egg-info
[5.030s] writing pwm_msg.egg-info/PKG-INFO
[5.031s] writing dependency_links to pwm_msg.egg-info/dependency_links.txt
[5.032s] writing entry points to pwm_msg.egg-info/entry_points.txt
[5.032s] writing requirements to pwm_msg.egg-info/requires.txt
[5.033s] writing top-level names to pwm_msg.egg-info/top_level.txt
[5.034s] writing manifest file 'pwm_msg.egg-info/SOURCES.txt'
[5.040s] reading manifest file 'pwm_msg.egg-info/SOURCES.txt'
[5.043s] writing manifest file 'pwm_msg.egg-info/SOURCES.txt'
[5.049s] running build_ext
[5.049s] Creating /home/irl/robot_ws_raps/install/pwm_msg/lib/python3.10/site-packages/pwm-msg.egg-link (link to .)
[5.052s] 
[5.053s] Installed /home/irl/robot_ws_raps/build/pwm_msg
[5.054s] running symlink_data
[5.054s] creating /home/irl/robot_ws_raps/install/pwm_msg/share
[5.055s] creating /home/irl/robot_ws_raps/install/pwm_msg/share/ament_index
[5.056s] creating /home/irl/robot_ws_raps/install/pwm_msg/share/ament_index/resource_index
[5.058s] creating /home/irl/robot_ws_raps/install/pwm_msg/share/ament_index/resource_index/packages
[5.062s] symbolically linking /home/irl/robot_ws_raps/build/pwm_msg/resource/pwm_msg -> /home/irl/robot_ws_raps/install/pwm_msg/share/ament_index/resource_index/packages
[5.065s] creating /home/irl/robot_ws_raps/install/pwm_msg/share/pwm_msg
[5.066s] symbolically linking /home/irl/robot_ws_raps/build/pwm_msg/package.xml -> /home/irl/robot_ws_raps/install/pwm_msg/share/pwm_msg
[5.210s] Invoked command in '/home/irl/robot_ws_raps/build/pwm_msg' returned '0': PYTHONPATH=/home/irl/robot_ws_raps/build/pwm_msg/prefix_override:/home/irl/robot_ws_raps/install/pwm_msg/lib/python3.10/site-packages:${PYTHONPATH} /usr/bin/python3 -W ignore:setup.py install is deprecated setup.py develop --editable --build-directory /home/irl/robot_ws_raps/build/pwm_msg/build --no-deps symlink_data
