Traceback (most recent call last):
  File "/home/irl/robot_ws_raps/build/pwm_msg/setup.py", line 1, in <module>
    from setuptools import find_packages, setup
  File "/home/irl/.local/lib/python3.10/site-packages/setuptools/__init__.py", line 16, in <module>
    import setuptools.version
  File "/home/irl/.local/lib/python3.10/site-packages/setuptools/version.py", line 1, in <module>
    import pkg_resources
  File "/home/irl/.local/lib/python3.10/site-packages/pkg_resources/__init__.py", line 3243, in <module>
    def _initialize_master_working_set():
  File "/home/irl/.local/lib/python3.10/site-packages/pkg_resources/__init__.py", line 3226, in _call_aside
    f(*args, **kwargs)
  File "/home/irl/.local/lib/python3.10/site-packages/pkg_resources/__init__.py", line 3255, in _initialize_master_working_set
    working_set = WorkingSet._build_master()
  File "/home/irl/.local/lib/python3.10/site-packages/pkg_resources/__init__.py", line 559, in _build_master
    ws = cls()
  File "/home/irl/.local/lib/python3.10/site-packages/pkg_resources/__init__.py", line 552, in __init__
    self.add_entry(entry)
  File "/home/irl/.local/lib/python3.10/site-packages/pkg_resources/__init__.py", line 608, in add_entry
    for dist in find_distributions(entry, True):
  File "/home/irl/.local/lib/python3.10/site-packages/pkg_resources/__init__.py", line 2063, in find_on_path
    for dist in factory(fullpath):
  File "/home/irl/.local/lib/python3.10/site-packages/pkg_resources/__init__.py", line 2128, in distributions_from_metadata
    yield Distribution.from_location(
  File "/home/irl/.local/lib/python3.10/site-packages/pkg_resources/__init__.py", line 2588, in from_location
    return cls(
  File "/home/irl/.local/lib/python3.10/site-packages/pkg_resources/__init__.py", line 2569, in __init__
    self._version = safe_version(version)
  File "/home/irl/.local/lib/python3.10/site-packages/pkg_resources/__init__.py", line 1318, in safe_version
    return str(packaging.version.Version(version))
  File "/home/irl/.local/lib/python3.10/site-packages/pkg_resources/_vendor/packaging/version.py", line 321, in __str__
    if self.post is not None:
  File "/home/irl/.local/lib/python3.10/site-packages/pkg_resources/_vendor/packaging/version.py", line 355, in post
    return self._version.post[1] if self._version.post else None
KeyboardInterrupt
