[0.446s] DEBUG:colcon:Command line arguments: ['/usr/bin/colcon', 'build', '--symlink-install']
[0.446s] DEBUG:colcon:Parsed command line arguments: Namespace(log_base=None, log_level=None, verb_name='build', build_base='build', install_base='install', merge_install=False, symlink_install=True, test_result_base=None, continue_on_error=False, executor='parallel', parallel_workers=4, event_handlers=None, ignore_user_meta=False, metas=['./colcon.meta'], base_paths=['.'], packages_ignore=None, packages_ignore_regex=None, paths=None, packages_up_to=None, packages_up_to_regex=None, packages_above=None, packages_above_and_dependencies=None, packages_above_depth=None, packages_select_by_dep=None, packages_skip_by_dep=None, packages_skip_up_to=None, packages_select_build_failed=False, packages_skip_build_finished=False, packages_select_test_failures=False, packages_skip_test_passed=False, packages_select=None, packages_skip=None, packages_select_regex=None, packages_skip_regex=None, packages_start=None, packages_end=None, allow_overriding=[], cmake_args=None, cmake_target=None, cmake_target_skip_unavailable=False, cmake_clean_cache=False, cmake_clean_first=False, cmake_force_configure=False, ament_cmake_args=None, catkin_cmake_args=None, catkin_skip_building_tests=False, verb_parser=<colcon_defaults.argument_parser.defaults.DefaultArgumentsDecorator object at 0xffffaa774970>, verb_extension=<colcon_core.verb.build.BuildVerb object at 0xffffaa8ad570>, main=<bound method BuildVerb.main of <colcon_core.verb.build.BuildVerb object at 0xffffaa8ad570>>)
[1.367s] Level 1:colcon.colcon_core.package_discovery:discover_packages(colcon_meta) check parameters
[1.367s] Level 1:colcon.colcon_core.package_discovery:discover_packages(recursive) check parameters
[1.368s] Level 1:colcon.colcon_core.package_discovery:discover_packages(ignore) check parameters
[1.368s] Level 1:colcon.colcon_core.package_discovery:discover_packages(path) check parameters
[1.368s] Level 1:colcon.colcon_core.package_discovery:discover_packages(colcon_meta) discover
[1.368s] Level 1:colcon.colcon_core.package_discovery:discover_packages(recursive) discover
[1.368s] INFO:colcon.colcon_core.package_discovery:Crawling recursively for packages in '/home/irl/robot_ws_raps'
[1.369s] Level 1:colcon.colcon_core.package_identification:_identify(.) by extensions ['ignore', 'ignore_ament_install']
[1.369s] Level 1:colcon.colcon_core.package_identification:_identify(.) by extension 'ignore'
[1.369s] Level 1:colcon.colcon_core.package_identification:_identify(.) by extension 'ignore_ament_install'
[1.370s] Level 1:colcon.colcon_core.package_identification:_identify(.) by extensions ['colcon_pkg']
[1.370s] Level 1:colcon.colcon_core.package_identification:_identify(.) by extension 'colcon_pkg'
[1.370s] Level 1:colcon.colcon_core.package_identification:_identify(.) by extensions ['colcon_meta']
[1.370s] Level 1:colcon.colcon_core.package_identification:_identify(.) by extension 'colcon_meta'
[1.370s] Level 1:colcon.colcon_core.package_identification:_identify(.) by extensions ['ros']
[1.370s] Level 1:colcon.colcon_core.package_identification:_identify(.) by extension 'ros'
[1.414s] Level 1:colcon.colcon_core.package_identification:_identify(.) by extensions ['cmake', 'python']
[1.414s] Level 1:colcon.colcon_core.package_identification:_identify(.) by extension 'cmake'
[1.414s] Level 1:colcon.colcon_core.package_identification:_identify(.) by extension 'python'
[1.415s] Level 1:colcon.colcon_core.package_identification:_identify(.) by extensions ['python_setup_py']
[1.415s] Level 1:colcon.colcon_core.package_identification:_identify(.) by extension 'python_setup_py'
[1.415s] Level 1:colcon.colcon_core.package_identification:_identify(build) by extensions ['ignore', 'ignore_ament_install']
[1.416s] Level 1:colcon.colcon_core.package_identification:_identify(build) by extension 'ignore'
[1.416s] Level 1:colcon.colcon_core.package_identification:_identify(build) ignored
[1.417s] Level 1:colcon.colcon_core.package_identification:_identify(install) by extensions ['ignore', 'ignore_ament_install']
[1.417s] Level 1:colcon.colcon_core.package_identification:_identify(install) by extension 'ignore'
[1.417s] Level 1:colcon.colcon_core.package_identification:_identify(install) ignored
[1.418s] Level 1:colcon.colcon_core.package_identification:_identify(log) by extensions ['ignore', 'ignore_ament_install']
[1.418s] Level 1:colcon.colcon_core.package_identification:_identify(log) by extension 'ignore'
[1.418s] Level 1:colcon.colcon_core.package_identification:_identify(log) ignored
[1.419s] Level 1:colcon.colcon_core.package_identification:_identify(src) by extensions ['ignore', 'ignore_ament_install']
[1.419s] Level 1:colcon.colcon_core.package_identification:_identify(src) by extension 'ignore'
[1.419s] Level 1:colcon.colcon_core.package_identification:_identify(src) by extension 'ignore_ament_install'
[1.419s] Level 1:colcon.colcon_core.package_identification:_identify(src) by extensions ['colcon_pkg']
[1.420s] Level 1:colcon.colcon_core.package_identification:_identify(src) by extension 'colcon_pkg'
[1.420s] Level 1:colcon.colcon_core.package_identification:_identify(src) by extensions ['colcon_meta']
[1.420s] Level 1:colcon.colcon_core.package_identification:_identify(src) by extension 'colcon_meta'
[1.420s] Level 1:colcon.colcon_core.package_identification:_identify(src) by extensions ['ros']
[1.420s] Level 1:colcon.colcon_core.package_identification:_identify(src) by extension 'ros'
[1.421s] Level 1:colcon.colcon_core.package_identification:_identify(src) by extensions ['cmake', 'python']
[1.421s] Level 1:colcon.colcon_core.package_identification:_identify(src) by extension 'cmake'
[1.421s] Level 1:colcon.colcon_core.package_identification:_identify(src) by extension 'python'
[1.421s] Level 1:colcon.colcon_core.package_identification:_identify(src) by extensions ['python_setup_py']
[1.421s] Level 1:colcon.colcon_core.package_identification:_identify(src) by extension 'python_setup_py'
[1.422s] Level 1:colcon.colcon_core.package_identification:_identify(src/pwm_msg) by extensions ['ignore', 'ignore_ament_install']
[1.422s] Level 1:colcon.colcon_core.package_identification:_identify(src/pwm_msg) by extension 'ignore'
[1.422s] Level 1:colcon.colcon_core.package_identification:_identify(src/pwm_msg) by extension 'ignore_ament_install'
[1.422s] Level 1:colcon.colcon_core.package_identification:_identify(src/pwm_msg) by extensions ['colcon_pkg']
[1.422s] Level 1:colcon.colcon_core.package_identification:_identify(src/pwm_msg) by extension 'colcon_pkg'
[1.423s] Level 1:colcon.colcon_core.package_identification:_identify(src/pwm_msg) by extensions ['colcon_meta']
[1.423s] Level 1:colcon.colcon_core.package_identification:_identify(src/pwm_msg) by extension 'colcon_meta'
[1.423s] Level 1:colcon.colcon_core.package_identification:_identify(src/pwm_msg) by extensions ['ros']
[1.423s] Level 1:colcon.colcon_core.package_identification:_identify(src/pwm_msg) by extension 'ros'
[1.432s] DEBUG:colcon.colcon_core.package_identification:Package 'src/pwm_msg' with type 'ros.ament_python' and name 'pwm_msg'
[1.433s] Level 1:colcon.colcon_core.package_identification:_identify(src/ros_to_serial) by extensions ['ignore', 'ignore_ament_install']
[1.433s] Level 1:colcon.colcon_core.package_identification:_identify(src/ros_to_serial) by extension 'ignore'
[1.434s] Level 1:colcon.colcon_core.package_identification:_identify(src/ros_to_serial) by extension 'ignore_ament_install'
[1.434s] Level 1:colcon.colcon_core.package_identification:_identify(src/ros_to_serial) by extensions ['colcon_pkg']
[1.434s] Level 1:colcon.colcon_core.package_identification:_identify(src/ros_to_serial) by extension 'colcon_pkg'
[1.434s] Level 1:colcon.colcon_core.package_identification:_identify(src/ros_to_serial) by extensions ['colcon_meta']
[1.434s] Level 1:colcon.colcon_core.package_identification:_identify(src/ros_to_serial) by extension 'colcon_meta'
[1.435s] Level 1:colcon.colcon_core.package_identification:_identify(src/ros_to_serial) by extensions ['ros']
[1.435s] Level 1:colcon.colcon_core.package_identification:_identify(src/ros_to_serial) by extension 'ros'
[1.437s] DEBUG:colcon.colcon_core.package_identification:Package 'src/ros_to_serial' with type 'ros.ament_python' and name 'ros_to_serial'
[1.437s] Level 1:colcon.colcon_core.package_discovery:discover_packages(recursive) using defaults
[1.438s] Level 1:colcon.colcon_core.package_discovery:discover_packages(ignore) discover
[1.438s] Level 1:colcon.colcon_core.package_discovery:discover_packages(ignore) using defaults
[1.438s] Level 1:colcon.colcon_core.package_discovery:discover_packages(path) discover
[1.438s] Level 1:colcon.colcon_core.package_discovery:discover_packages(path) using defaults
[1.553s] Level 1:colcon.colcon_core.package_discovery:discover_packages(prefix_path) check parameters
[1.554s] Level 1:colcon.colcon_core.package_discovery:discover_packages(prefix_path) discover
[1.562s] DEBUG:colcon.colcon_installed_package_information.package_discovery:Found 2 installed packages in /home/irl/robot_ws_raps/install
[1.571s] DEBUG:colcon.colcon_installed_package_information.package_discovery:Found 288 installed packages in /opt/ros/humble
[1.578s] Level 1:colcon.colcon_core.package_discovery:discover_packages(prefix_path) using defaults
[1.754s] Level 5:colcon.colcon_core.verb:set package 'pwm_msg' build argument 'cmake_args' from command line to 'None'
[1.755s] Level 5:colcon.colcon_core.verb:set package 'pwm_msg' build argument 'cmake_target' from command line to 'None'
[1.755s] Level 5:colcon.colcon_core.verb:set package 'pwm_msg' build argument 'cmake_target_skip_unavailable' from command line to 'False'
[1.755s] Level 5:colcon.colcon_core.verb:set package 'pwm_msg' build argument 'cmake_clean_cache' from command line to 'False'
[1.755s] Level 5:colcon.colcon_core.verb:set package 'pwm_msg' build argument 'cmake_clean_first' from command line to 'False'
[1.755s] Level 5:colcon.colcon_core.verb:set package 'pwm_msg' build argument 'cmake_force_configure' from command line to 'False'
[1.755s] Level 5:colcon.colcon_core.verb:set package 'pwm_msg' build argument 'ament_cmake_args' from command line to 'None'
[1.755s] Level 5:colcon.colcon_core.verb:set package 'pwm_msg' build argument 'catkin_cmake_args' from command line to 'None'
[1.755s] Level 5:colcon.colcon_core.verb:set package 'pwm_msg' build argument 'catkin_skip_building_tests' from command line to 'False'
[1.756s] DEBUG:colcon.colcon_core.verb:Building package 'pwm_msg' with the following arguments: {'ament_cmake_args': None, 'build_base': '/home/irl/robot_ws_raps/build/pwm_msg', 'catkin_cmake_args': None, 'catkin_skip_building_tests': False, 'cmake_args': None, 'cmake_clean_cache': False, 'cmake_clean_first': False, 'cmake_force_configure': False, 'cmake_target': None, 'cmake_target_skip_unavailable': False, 'install_base': '/home/irl/robot_ws_raps/install/pwm_msg', 'merge_install': False, 'path': '/home/irl/robot_ws_raps/src/pwm_msg', 'symlink_install': True, 'test_result_base': None}
[1.757s] Level 5:colcon.colcon_core.verb:set package 'ros_to_serial' build argument 'cmake_args' from command line to 'None'
[1.757s] Level 5:colcon.colcon_core.verb:set package 'ros_to_serial' build argument 'cmake_target' from command line to 'None'
[1.757s] Level 5:colcon.colcon_core.verb:set package 'ros_to_serial' build argument 'cmake_target_skip_unavailable' from command line to 'False'
[1.758s] Level 5:colcon.colcon_core.verb:set package 'ros_to_serial' build argument 'cmake_clean_cache' from command line to 'False'
[1.758s] Level 5:colcon.colcon_core.verb:set package 'ros_to_serial' build argument 'cmake_clean_first' from command line to 'False'
[1.758s] Level 5:colcon.colcon_core.verb:set package 'ros_to_serial' build argument 'cmake_force_configure' from command line to 'False'
[1.758s] Level 5:colcon.colcon_core.verb:set package 'ros_to_serial' build argument 'ament_cmake_args' from command line to 'None'
[1.758s] Level 5:colcon.colcon_core.verb:set package 'ros_to_serial' build argument 'catkin_cmake_args' from command line to 'None'
[1.758s] Level 5:colcon.colcon_core.verb:set package 'ros_to_serial' build argument 'catkin_skip_building_tests' from command line to 'False'
[1.758s] DEBUG:colcon.colcon_core.verb:Building package 'ros_to_serial' with the following arguments: {'ament_cmake_args': None, 'build_base': '/home/irl/robot_ws_raps/build/ros_to_serial', 'catkin_cmake_args': None, 'catkin_skip_building_tests': False, 'cmake_args': None, 'cmake_clean_cache': False, 'cmake_clean_first': False, 'cmake_force_configure': False, 'cmake_target': None, 'cmake_target_skip_unavailable': False, 'install_base': '/home/irl/robot_ws_raps/install/ros_to_serial', 'merge_install': False, 'path': '/home/irl/robot_ws_raps/src/ros_to_serial', 'symlink_install': True, 'test_result_base': None}
[1.759s] INFO:colcon.colcon_core.executor:Executing jobs using 'parallel' executor
[1.762s] DEBUG:colcon.colcon_parallel_executor.executor.parallel:run_until_complete
[1.763s] INFO:colcon.colcon_ros.task.ament_python.build:Building ROS package in '/home/irl/robot_ws_raps/src/pwm_msg' with build type 'ament_python'
[1.764s] Level 1:colcon.colcon_core.shell:create_environment_hook('pwm_msg', 'ament_prefix_path')
[1.774s] INFO:colcon.colcon_core.plugin_system:Skipping extension 'colcon_core.shell.bat': Not used on non-Windows systems
[1.775s] INFO:colcon.colcon_core.shell:Creating environment hook '/home/irl/robot_ws_raps/install/pwm_msg/share/pwm_msg/hook/ament_prefix_path.ps1'
[1.777s] INFO:colcon.colcon_core.shell:Creating environment descriptor '/home/irl/robot_ws_raps/install/pwm_msg/share/pwm_msg/hook/ament_prefix_path.dsv'
[1.779s] INFO:colcon.colcon_core.shell:Creating environment hook '/home/irl/robot_ws_raps/install/pwm_msg/share/pwm_msg/hook/ament_prefix_path.sh'
[1.783s] INFO:colcon.colcon_core.shell:Skip shell extension 'powershell' for command environment: Not usable outside of PowerShell
[1.783s] DEBUG:colcon.colcon_core.shell:Skip shell extension 'dsv' for command environment
[1.802s] INFO:colcon.colcon_ros.task.ament_python.build:Building ROS package in '/home/irl/robot_ws_raps/src/ros_to_serial' with build type 'ament_python'
[1.803s] Level 1:colcon.colcon_core.shell:create_environment_hook('ros_to_serial', 'ament_prefix_path')
[1.804s] INFO:colcon.colcon_core.shell:Creating environment hook '/home/irl/robot_ws_raps/install/ros_to_serial/share/ros_to_serial/hook/ament_prefix_path.ps1'
[1.806s] INFO:colcon.colcon_core.shell:Creating environment descriptor '/home/irl/robot_ws_raps/install/ros_to_serial/share/ros_to_serial/hook/ament_prefix_path.dsv'
[1.808s] INFO:colcon.colcon_core.shell:Creating environment hook '/home/irl/robot_ws_raps/install/ros_to_serial/share/ros_to_serial/hook/ament_prefix_path.sh'
[1.812s] INFO:colcon.colcon_core.shell:Skip shell extension 'powershell' for command environment: Not usable outside of PowerShell
[1.812s] DEBUG:colcon.colcon_core.shell:Skip shell extension 'dsv' for command environment
[3.119s] INFO:colcon.colcon_core.task.python.build:Building Python package in '/home/irl/robot_ws_raps/src/pwm_msg'
[3.120s] INFO:colcon.colcon_core.shell:Skip shell extension 'powershell' for command environment: Not usable outside of PowerShell
[3.120s] DEBUG:colcon.colcon_core.shell:Skip shell extension 'dsv' for command environment
[4.419s] INFO:colcon.colcon_core.task.python.build:Building Python package in '/home/irl/robot_ws_raps/src/ros_to_serial'
[4.420s] INFO:colcon.colcon_core.shell:Skip shell extension 'powershell' for command environment: Not usable outside of PowerShell
[4.420s] DEBUG:colcon.colcon_core.shell:Skip shell extension 'dsv' for command environment
[6.347s] DEBUG:colcon.colcon_core.event_handler.log_command:Invoking command in '/home/irl/robot_ws_raps/build/pwm_msg': PYTHONPATH=/home/irl/robot_ws_raps/build/pwm_msg/prefix_override:/home/irl/robot_ws_raps/install/pwm_msg/lib/python3.10/site-packages:${PYTHONPATH} /usr/bin/python3 -W ignore:setup.py install is deprecated setup.py develop --editable --build-directory /home/irl/robot_ws_raps/build/pwm_msg/build --no-deps symlink_data
[6.410s] DEBUG:colcon.colcon_core.event_handler.log_command:Invoking command in '/home/irl/robot_ws_raps/build/ros_to_serial': PYTHONPATH=/home/irl/robot_ws_raps/build/ros_to_serial/prefix_override:/home/irl/robot_ws_raps/install/ros_to_serial/lib/python3.10/site-packages:${PYTHONPATH} /usr/bin/python3 -W ignore:setup.py install is deprecated setup.py develop --editable --build-directory /home/irl/robot_ws_raps/build/ros_to_serial/build --no-deps symlink_data
[9.122s] Level 1:colcon.colcon_core.shell:create_environment_hook('pwm_msg', 'pythonpath_develop')
[9.124s] INFO:colcon.colcon_core.shell:Creating environment hook '/home/irl/robot_ws_raps/build/pwm_msg/share/pwm_msg/hook/pythonpath_develop.ps1'
[9.127s] DEBUG:colcon.colcon_core.event_handler.log_command:Invoked command in '/home/irl/robot_ws_raps/build/pwm_msg' returned '0': PYTHONPATH=/home/irl/robot_ws_raps/build/pwm_msg/prefix_override:/home/irl/robot_ws_raps/install/pwm_msg/lib/python3.10/site-packages:${PYTHONPATH} /usr/bin/python3 -W ignore:setup.py install is deprecated setup.py develop --editable --build-directory /home/irl/robot_ws_raps/build/pwm_msg/build --no-deps symlink_data
[9.129s] INFO:colcon.colcon_core.shell:Creating environment descriptor '/home/irl/robot_ws_raps/build/pwm_msg/share/pwm_msg/hook/pythonpath_develop.dsv'
[9.132s] INFO:colcon.colcon_core.shell:Creating environment hook '/home/irl/robot_ws_raps/build/pwm_msg/share/pwm_msg/hook/pythonpath_develop.sh'
[9.160s] Level 1:colcon.colcon_core.environment:checking '/home/irl/robot_ws_raps/install/pwm_msg' for CMake module files
[9.163s] Level 1:colcon.colcon_core.environment:checking '/home/irl/robot_ws_raps/install/pwm_msg' for CMake config files
[9.168s] Level 1:colcon.colcon_core.environment:checking '/home/irl/robot_ws_raps/install/pwm_msg/lib'
[9.171s] Level 1:colcon.colcon_core.environment:checking '/home/irl/robot_ws_raps/install/pwm_msg/bin'
[9.172s] Level 1:colcon.colcon_core.environment:checking '/home/irl/robot_ws_raps/install/pwm_msg/lib/pkgconfig/pwm_msg.pc'
[9.174s] Level 1:colcon.colcon_core.environment:checking '/home/irl/robot_ws_raps/install/pwm_msg/lib/python3.10/site-packages'
[9.175s] Level 1:colcon.colcon_core.shell:create_environment_hook('pwm_msg', 'pythonpath')
[9.177s] INFO:colcon.colcon_core.shell:Creating environment hook '/home/irl/robot_ws_raps/install/pwm_msg/share/pwm_msg/hook/pythonpath.ps1'
[9.181s] INFO:colcon.colcon_core.shell:Creating environment descriptor '/home/irl/robot_ws_raps/install/pwm_msg/share/pwm_msg/hook/pythonpath.dsv'
[9.185s] INFO:colcon.colcon_core.shell:Creating environment hook '/home/irl/robot_ws_raps/install/pwm_msg/share/pwm_msg/hook/pythonpath.sh'
[9.190s] Level 1:colcon.colcon_core.environment:checking '/home/irl/robot_ws_raps/install/pwm_msg/bin'
[9.190s] Level 1:colcon.colcon_core.environment:create_environment_scripts_only(pwm_msg)
[9.192s] INFO:colcon.colcon_core.shell:Creating package script '/home/irl/robot_ws_raps/install/pwm_msg/share/pwm_msg/package.ps1'
[9.197s] INFO:colcon.colcon_core.shell:Creating package descriptor '/home/irl/robot_ws_raps/install/pwm_msg/share/pwm_msg/package.dsv'
[9.201s] INFO:colcon.colcon_core.shell:Creating package script '/home/irl/robot_ws_raps/install/pwm_msg/share/pwm_msg/package.sh'
[9.206s] INFO:colcon.colcon_core.shell:Creating package script '/home/irl/robot_ws_raps/install/pwm_msg/share/pwm_msg/package.bash'
[9.210s] INFO:colcon.colcon_core.shell:Creating package script '/home/irl/robot_ws_raps/install/pwm_msg/share/pwm_msg/package.zsh'
[9.215s] Level 1:colcon.colcon_core.environment:create_file_with_runtime_dependencies(/home/irl/robot_ws_raps/install/pwm_msg/share/colcon-core/packages/pwm_msg)
[9.232s] Level 1:colcon.colcon_core.shell:create_environment_hook('ros_to_serial', 'pythonpath_develop')
[9.233s] INFO:colcon.colcon_core.shell:Creating environment hook '/home/irl/robot_ws_raps/build/ros_to_serial/share/ros_to_serial/hook/pythonpath_develop.ps1'
[9.234s] DEBUG:colcon.colcon_core.event_handler.log_command:Invoked command in '/home/irl/robot_ws_raps/build/ros_to_serial' returned '0': PYTHONPATH=/home/irl/robot_ws_raps/build/ros_to_serial/prefix_override:/home/irl/robot_ws_raps/install/ros_to_serial/lib/python3.10/site-packages:${PYTHONPATH} /usr/bin/python3 -W ignore:setup.py install is deprecated setup.py develop --editable --build-directory /home/irl/robot_ws_raps/build/ros_to_serial/build --no-deps symlink_data
[9.236s] INFO:colcon.colcon_core.shell:Creating environment descriptor '/home/irl/robot_ws_raps/build/ros_to_serial/share/ros_to_serial/hook/pythonpath_develop.dsv'
[9.238s] INFO:colcon.colcon_core.shell:Creating environment hook '/home/irl/robot_ws_raps/build/ros_to_serial/share/ros_to_serial/hook/pythonpath_develop.sh'
[9.241s] Level 1:colcon.colcon_core.environment:checking '/home/irl/robot_ws_raps/install/ros_to_serial' for CMake module files
[9.244s] Level 1:colcon.colcon_core.environment:checking '/home/irl/robot_ws_raps/install/ros_to_serial' for CMake config files
[9.247s] Level 1:colcon.colcon_core.environment:checking '/home/irl/robot_ws_raps/install/ros_to_serial/lib'
[9.248s] Level 1:colcon.colcon_core.environment:checking '/home/irl/robot_ws_raps/install/ros_to_serial/bin'
[9.248s] Level 1:colcon.colcon_core.environment:checking '/home/irl/robot_ws_raps/install/ros_to_serial/lib/pkgconfig/ros_to_serial.pc'
[9.249s] Level 1:colcon.colcon_core.environment:checking '/home/irl/robot_ws_raps/install/ros_to_serial/lib/python3.10/site-packages'
[9.249s] Level 1:colcon.colcon_core.shell:create_environment_hook('ros_to_serial', 'pythonpath')
[9.250s] INFO:colcon.colcon_core.shell:Creating environment hook '/home/irl/robot_ws_raps/install/ros_to_serial/share/ros_to_serial/hook/pythonpath.ps1'
[9.252s] INFO:colcon.colcon_core.shell:Creating environment descriptor '/home/irl/robot_ws_raps/install/ros_to_serial/share/ros_to_serial/hook/pythonpath.dsv'
[9.254s] INFO:colcon.colcon_core.shell:Creating environment hook '/home/irl/robot_ws_raps/install/ros_to_serial/share/ros_to_serial/hook/pythonpath.sh'
[9.256s] Level 1:colcon.colcon_core.environment:checking '/home/irl/robot_ws_raps/install/ros_to_serial/bin'
[9.257s] Level 1:colcon.colcon_core.environment:create_environment_scripts_only(ros_to_serial)
[9.258s] INFO:colcon.colcon_core.shell:Creating package script '/home/irl/robot_ws_raps/install/ros_to_serial/share/ros_to_serial/package.ps1'
[9.261s] INFO:colcon.colcon_core.shell:Creating package descriptor '/home/irl/robot_ws_raps/install/ros_to_serial/share/ros_to_serial/package.dsv'
[9.263s] INFO:colcon.colcon_core.shell:Creating package script '/home/irl/robot_ws_raps/install/ros_to_serial/share/ros_to_serial/package.sh'
[9.265s] INFO:colcon.colcon_core.shell:Creating package script '/home/irl/robot_ws_raps/install/ros_to_serial/share/ros_to_serial/package.bash'
[9.267s] INFO:colcon.colcon_core.shell:Creating package script '/home/irl/robot_ws_raps/install/ros_to_serial/share/ros_to_serial/package.zsh'
[9.268s] Level 1:colcon.colcon_core.environment:create_file_with_runtime_dependencies(/home/irl/robot_ws_raps/install/ros_to_serial/share/colcon-core/packages/ros_to_serial)
[9.270s] DEBUG:colcon.colcon_parallel_executor.executor.parallel:closing loop
[9.271s] DEBUG:colcon.colcon_parallel_executor.executor.parallel:loop closed
[9.271s] DEBUG:colcon.colcon_parallel_executor.executor.parallel:run_until_complete finished with '0'
[9.272s] DEBUG:colcon.colcon_core.event_reactor:joining thread
[9.296s] INFO:colcon.colcon_core.plugin_system:Skipping extension 'colcon_notification.desktop_notification.terminal_notifier': Not used on non-Darwin systems
[9.296s] INFO:colcon.colcon_core.plugin_system:Skipping extension 'colcon_notification.desktop_notification.win32': Not used on non-Windows systems
[9.297s] INFO:colcon.colcon_notification.desktop_notification:Sending desktop notification using 'notify2'
[9.337s] DEBUG:colcon.colcon_core.event_reactor:joined thread
[9.338s] INFO:colcon.colcon_core.shell:Creating prefix script '/home/irl/robot_ws_raps/install/local_setup.ps1'
[9.342s] INFO:colcon.colcon_core.shell:Creating prefix util module '/home/irl/robot_ws_raps/install/_local_setup_util_ps1.py'
[9.347s] INFO:colcon.colcon_core.shell:Creating prefix chain script '/home/irl/robot_ws_raps/install/setup.ps1'
[9.352s] INFO:colcon.colcon_core.shell:Creating prefix script '/home/irl/robot_ws_raps/install/local_setup.sh'
[9.355s] INFO:colcon.colcon_core.shell:Creating prefix util module '/home/irl/robot_ws_raps/install/_local_setup_util_sh.py'
[9.358s] INFO:colcon.colcon_core.shell:Creating prefix chain script '/home/irl/robot_ws_raps/install/setup.sh'
[9.362s] INFO:colcon.colcon_core.shell:Creating prefix script '/home/irl/robot_ws_raps/install/local_setup.bash'
[9.364s] INFO:colcon.colcon_core.shell:Creating prefix chain script '/home/irl/robot_ws_raps/install/setup.bash'
[9.369s] INFO:colcon.colcon_core.shell:Creating prefix script '/home/irl/robot_ws_raps/install/local_setup.zsh'
[9.371s] INFO:colcon.colcon_core.shell:Creating prefix chain script '/home/irl/robot_ws_raps/install/setup.zsh'
