[0.975s] DEBUG:colcon:Command line arguments: ['/usr/bin/colcon', 'build', '--symlink-install']
[0.975s] DEBUG:colcon:Parsed command line arguments: Namespace(log_base=None, log_level=None, verb_name='build', build_base='build', install_base='install', merge_install=False, symlink_install=True, test_result_base=None, continue_on_error=False, executor='parallel', parallel_workers=4, event_handlers=None, ignore_user_meta=False, metas=['./colcon.meta'], base_paths=['.'], packages_ignore=None, packages_ignore_regex=None, paths=None, packages_up_to=None, packages_up_to_regex=None, packages_above=None, packages_above_and_dependencies=None, packages_above_depth=None, packages_select_by_dep=None, packages_skip_by_dep=None, packages_skip_up_to=None, packages_select_build_failed=False, packages_skip_build_finished=False, packages_select_test_failures=False, packages_skip_test_passed=False, packages_select=None, packages_skip=None, packages_select_regex=None, packages_skip_regex=None, packages_start=None, packages_end=None, allow_overriding=[], cmake_args=None, cmake_target=None, cmake_target_skip_unavailable=False, cmake_clean_cache=False, cmake_clean_first=False, cmake_force_configure=False, ament_cmake_args=None, catkin_cmake_args=None, catkin_skip_building_tests=False, verb_parser=<colcon_defaults.argument_parser.defaults.DefaultArgumentsDecorator object at 0xffffa31749d0>, verb_extension=<colcon_core.verb.build.BuildVerb object at 0xffffa32ad5d0>, main=<bound method BuildVerb.main of <colcon_core.verb.build.BuildVerb object at 0xffffa32ad5d0>>)
[2.263s] Level 1:colcon.colcon_core.package_discovery:discover_packages(colcon_meta) check parameters
[2.264s] Level 1:colcon.colcon_core.package_discovery:discover_packages(recursive) check parameters
[2.264s] Level 1:colcon.colcon_core.package_discovery:discover_packages(ignore) check parameters
[2.264s] Level 1:colcon.colcon_core.package_discovery:discover_packages(path) check parameters
[2.265s] Level 1:colcon.colcon_core.package_discovery:discover_packages(colcon_meta) discover
[2.265s] Level 1:colcon.colcon_core.package_discovery:discover_packages(recursive) discover
[2.265s] INFO:colcon.colcon_core.package_discovery:Crawling recursively for packages in '/home/irl/robot_ws_raps'
[2.266s] Level 1:colcon.colcon_core.package_identification:_identify(.) by extensions ['ignore', 'ignore_ament_install']
[2.267s] Level 1:colcon.colcon_core.package_identification:_identify(.) by extension 'ignore'
[2.268s] Level 1:colcon.colcon_core.package_identification:_identify(.) by extension 'ignore_ament_install'
[2.268s] Level 1:colcon.colcon_core.package_identification:_identify(.) by extensions ['colcon_pkg']
[2.269s] Level 1:colcon.colcon_core.package_identification:_identify(.) by extension 'colcon_pkg'
[2.270s] Level 1:colcon.colcon_core.package_identification:_identify(.) by extensions ['colcon_meta']
[2.270s] Level 1:colcon.colcon_core.package_identification:_identify(.) by extension 'colcon_meta'
[2.270s] Level 1:colcon.colcon_core.package_identification:_identify(.) by extensions ['ros']
[2.271s] Level 1:colcon.colcon_core.package_identification:_identify(.) by extension 'ros'
[2.338s] Level 1:colcon.colcon_core.package_identification:_identify(.) by extensions ['cmake', 'python']
[2.338s] Level 1:colcon.colcon_core.package_identification:_identify(.) by extension 'cmake'
[2.338s] Level 1:colcon.colcon_core.package_identification:_identify(.) by extension 'python'
[2.338s] Level 1:colcon.colcon_core.package_identification:_identify(.) by extensions ['python_setup_py']
[2.338s] Level 1:colcon.colcon_core.package_identification:_identify(.) by extension 'python_setup_py'
[2.339s] Level 1:colcon.colcon_core.package_identification:_identify(build) by extensions ['ignore', 'ignore_ament_install']
[2.339s] Level 1:colcon.colcon_core.package_identification:_identify(build) by extension 'ignore'
[2.340s] Level 1:colcon.colcon_core.package_identification:_identify(build) ignored
[2.340s] Level 1:colcon.colcon_core.package_identification:_identify(install) by extensions ['ignore', 'ignore_ament_install']
[2.341s] Level 1:colcon.colcon_core.package_identification:_identify(install) by extension 'ignore'
[2.341s] Level 1:colcon.colcon_core.package_identification:_identify(install) ignored
[2.342s] Level 1:colcon.colcon_core.package_identification:_identify(log) by extensions ['ignore', 'ignore_ament_install']
[2.342s] Level 1:colcon.colcon_core.package_identification:_identify(log) by extension 'ignore'
[2.343s] Level 1:colcon.colcon_core.package_identification:_identify(log) ignored
[2.344s] Level 1:colcon.colcon_core.package_identification:_identify(src) by extensions ['ignore', 'ignore_ament_install']
[2.344s] Level 1:colcon.colcon_core.package_identification:_identify(src) by extension 'ignore'
[2.345s] Level 1:colcon.colcon_core.package_identification:_identify(src) by extension 'ignore_ament_install'
[2.345s] Level 1:colcon.colcon_core.package_identification:_identify(src) by extensions ['colcon_pkg']
[2.346s] Level 1:colcon.colcon_core.package_identification:_identify(src) by extension 'colcon_pkg'
[2.346s] Level 1:colcon.colcon_core.package_identification:_identify(src) by extensions ['colcon_meta']
[2.346s] Level 1:colcon.colcon_core.package_identification:_identify(src) by extension 'colcon_meta'
[2.346s] Level 1:colcon.colcon_core.package_identification:_identify(src) by extensions ['ros']
[2.347s] Level 1:colcon.colcon_core.package_identification:_identify(src) by extension 'ros'
[2.347s] Level 1:colcon.colcon_core.package_identification:_identify(src) by extensions ['cmake', 'python']
[2.347s] Level 1:colcon.colcon_core.package_identification:_identify(src) by extension 'cmake'
[2.347s] Level 1:colcon.colcon_core.package_identification:_identify(src) by extension 'python'
[2.347s] Level 1:colcon.colcon_core.package_identification:_identify(src) by extensions ['python_setup_py']
[2.348s] Level 1:colcon.colcon_core.package_identification:_identify(src) by extension 'python_setup_py'
[2.348s] Level 1:colcon.colcon_core.package_identification:_identify(src/pwm_msg) by extensions ['ignore', 'ignore_ament_install']
[2.348s] Level 1:colcon.colcon_core.package_identification:_identify(src/pwm_msg) by extension 'ignore'
[2.349s] Level 1:colcon.colcon_core.package_identification:_identify(src/pwm_msg) by extension 'ignore_ament_install'
[2.349s] Level 1:colcon.colcon_core.package_identification:_identify(src/pwm_msg) by extensions ['colcon_pkg']
[2.349s] Level 1:colcon.colcon_core.package_identification:_identify(src/pwm_msg) by extension 'colcon_pkg'
[2.349s] Level 1:colcon.colcon_core.package_identification:_identify(src/pwm_msg) by extensions ['colcon_meta']
[2.350s] Level 1:colcon.colcon_core.package_identification:_identify(src/pwm_msg) by extension 'colcon_meta'
[2.350s] Level 1:colcon.colcon_core.package_identification:_identify(src/pwm_msg) by extensions ['ros']
[2.350s] Level 1:colcon.colcon_core.package_identification:_identify(src/pwm_msg) by extension 'ros'
[2.363s] DEBUG:colcon.colcon_core.package_identification:Package 'src/pwm_msg' with type 'ros.ament_python' and name 'pwm_msg'
[2.363s] Level 1:colcon.colcon_core.package_identification:_identify(src/ros_to_serial) by extensions ['ignore', 'ignore_ament_install']
[2.364s] Level 1:colcon.colcon_core.package_identification:_identify(src/ros_to_serial) by extension 'ignore'
[2.364s] Level 1:colcon.colcon_core.package_identification:_identify(src/ros_to_serial) by extension 'ignore_ament_install'
[2.364s] Level 1:colcon.colcon_core.package_identification:_identify(src/ros_to_serial) by extensions ['colcon_pkg']
[2.364s] Level 1:colcon.colcon_core.package_identification:_identify(src/ros_to_serial) by extension 'colcon_pkg'
[2.365s] Level 1:colcon.colcon_core.package_identification:_identify(src/ros_to_serial) by extensions ['colcon_meta']
[2.365s] Level 1:colcon.colcon_core.package_identification:_identify(src/ros_to_serial) by extension 'colcon_meta'
[2.365s] Level 1:colcon.colcon_core.package_identification:_identify(src/ros_to_serial) by extensions ['ros']
[2.365s] Level 1:colcon.colcon_core.package_identification:_identify(src/ros_to_serial) by extension 'ros'
[2.368s] DEBUG:colcon.colcon_core.package_identification:Package 'src/ros_to_serial' with type 'ros.ament_python' and name 'ros_to_serial'
[2.368s] Level 1:colcon.colcon_core.package_discovery:discover_packages(recursive) using defaults
[2.369s] Level 1:colcon.colcon_core.package_discovery:discover_packages(ignore) discover
[2.369s] Level 1:colcon.colcon_core.package_discovery:discover_packages(ignore) using defaults
[2.369s] Level 1:colcon.colcon_core.package_discovery:discover_packages(path) discover
[2.369s] Level 1:colcon.colcon_core.package_discovery:discover_packages(path) using defaults
[2.530s] Level 1:colcon.colcon_core.package_discovery:discover_packages(prefix_path) check parameters
[2.531s] Level 1:colcon.colcon_core.package_discovery:discover_packages(prefix_path) discover
[2.545s] DEBUG:colcon.colcon_installed_package_information.package_discovery:Found 2 installed packages in /home/irl/robot_ws_raps/install
[2.555s] DEBUG:colcon.colcon_installed_package_information.package_discovery:Found 288 installed packages in /opt/ros/humble
[2.562s] Level 1:colcon.colcon_core.package_discovery:discover_packages(prefix_path) using defaults
[2.743s] Level 5:colcon.colcon_core.verb:set package 'pwm_msg' build argument 'cmake_args' from command line to 'None'
[2.743s] Level 5:colcon.colcon_core.verb:set package 'pwm_msg' build argument 'cmake_target' from command line to 'None'
[2.743s] Level 5:colcon.colcon_core.verb:set package 'pwm_msg' build argument 'cmake_target_skip_unavailable' from command line to 'False'
[2.744s] Level 5:colcon.colcon_core.verb:set package 'pwm_msg' build argument 'cmake_clean_cache' from command line to 'False'
[2.744s] Level 5:colcon.colcon_core.verb:set package 'pwm_msg' build argument 'cmake_clean_first' from command line to 'False'
[2.744s] Level 5:colcon.colcon_core.verb:set package 'pwm_msg' build argument 'cmake_force_configure' from command line to 'False'
[2.744s] Level 5:colcon.colcon_core.verb:set package 'pwm_msg' build argument 'ament_cmake_args' from command line to 'None'
[2.744s] Level 5:colcon.colcon_core.verb:set package 'pwm_msg' build argument 'catkin_cmake_args' from command line to 'None'
[2.744s] Level 5:colcon.colcon_core.verb:set package 'pwm_msg' build argument 'catkin_skip_building_tests' from command line to 'False'
[2.744s] DEBUG:colcon.colcon_core.verb:Building package 'pwm_msg' with the following arguments: {'ament_cmake_args': None, 'build_base': '/home/irl/robot_ws_raps/build/pwm_msg', 'catkin_cmake_args': None, 'catkin_skip_building_tests': False, 'cmake_args': None, 'cmake_clean_cache': False, 'cmake_clean_first': False, 'cmake_force_configure': False, 'cmake_target': None, 'cmake_target_skip_unavailable': False, 'install_base': '/home/irl/robot_ws_raps/install/pwm_msg', 'merge_install': False, 'path': '/home/irl/robot_ws_raps/src/pwm_msg', 'symlink_install': True, 'test_result_base': None}
[2.746s] Level 5:colcon.colcon_core.verb:set package 'ros_to_serial' build argument 'cmake_args' from command line to 'None'
[2.746s] Level 5:colcon.colcon_core.verb:set package 'ros_to_serial' build argument 'cmake_target' from command line to 'None'
[2.746s] Level 5:colcon.colcon_core.verb:set package 'ros_to_serial' build argument 'cmake_target_skip_unavailable' from command line to 'False'
[2.746s] Level 5:colcon.colcon_core.verb:set package 'ros_to_serial' build argument 'cmake_clean_cache' from command line to 'False'
[2.746s] Level 5:colcon.colcon_core.verb:set package 'ros_to_serial' build argument 'cmake_clean_first' from command line to 'False'
[2.747s] Level 5:colcon.colcon_core.verb:set package 'ros_to_serial' build argument 'cmake_force_configure' from command line to 'False'
[2.747s] Level 5:colcon.colcon_core.verb:set package 'ros_to_serial' build argument 'ament_cmake_args' from command line to 'None'
[2.747s] Level 5:colcon.colcon_core.verb:set package 'ros_to_serial' build argument 'catkin_cmake_args' from command line to 'None'
[2.747s] Level 5:colcon.colcon_core.verb:set package 'ros_to_serial' build argument 'catkin_skip_building_tests' from command line to 'False'
[2.747s] DEBUG:colcon.colcon_core.verb:Building package 'ros_to_serial' with the following arguments: {'ament_cmake_args': None, 'build_base': '/home/irl/robot_ws_raps/build/ros_to_serial', 'catkin_cmake_args': None, 'catkin_skip_building_tests': False, 'cmake_args': None, 'cmake_clean_cache': False, 'cmake_clean_first': False, 'cmake_force_configure': False, 'cmake_target': None, 'cmake_target_skip_unavailable': False, 'install_base': '/home/irl/robot_ws_raps/install/ros_to_serial', 'merge_install': False, 'path': '/home/irl/robot_ws_raps/src/ros_to_serial', 'symlink_install': True, 'test_result_base': None}
[2.748s] INFO:colcon.colcon_core.executor:Executing jobs using 'parallel' executor
[2.751s] DEBUG:colcon.colcon_parallel_executor.executor.parallel:run_until_complete
[2.752s] INFO:colcon.colcon_ros.task.ament_python.build:Building ROS package in '/home/irl/robot_ws_raps/src/pwm_msg' with build type 'ament_python'
[2.753s] Level 1:colcon.colcon_core.shell:create_environment_hook('pwm_msg', 'ament_prefix_path')
[2.773s] INFO:colcon.colcon_core.plugin_system:Skipping extension 'colcon_core.shell.bat': Not used on non-Windows systems
[2.774s] INFO:colcon.colcon_core.shell:Creating environment hook '/home/irl/robot_ws_raps/install/pwm_msg/share/pwm_msg/hook/ament_prefix_path.ps1'
[2.778s] INFO:colcon.colcon_core.shell:Creating environment descriptor '/home/irl/robot_ws_raps/install/pwm_msg/share/pwm_msg/hook/ament_prefix_path.dsv'
[2.781s] INFO:colcon.colcon_core.shell:Creating environment hook '/home/irl/robot_ws_raps/install/pwm_msg/share/pwm_msg/hook/ament_prefix_path.sh'
[2.785s] INFO:colcon.colcon_core.shell:Skip shell extension 'powershell' for command environment: Not usable outside of PowerShell
[2.786s] DEBUG:colcon.colcon_core.shell:Skip shell extension 'dsv' for command environment
[2.805s] INFO:colcon.colcon_ros.task.ament_python.build:Building ROS package in '/home/irl/robot_ws_raps/src/ros_to_serial' with build type 'ament_python'
[2.805s] Level 1:colcon.colcon_core.shell:create_environment_hook('ros_to_serial', 'ament_prefix_path')
[2.807s] INFO:colcon.colcon_core.shell:Creating environment hook '/home/irl/robot_ws_raps/install/ros_to_serial/share/ros_to_serial/hook/ament_prefix_path.ps1'
[2.810s] INFO:colcon.colcon_core.shell:Creating environment descriptor '/home/irl/robot_ws_raps/install/ros_to_serial/share/ros_to_serial/hook/ament_prefix_path.dsv'
[2.812s] INFO:colcon.colcon_core.shell:Creating environment hook '/home/irl/robot_ws_raps/install/ros_to_serial/share/ros_to_serial/hook/ament_prefix_path.sh'
[2.816s] INFO:colcon.colcon_core.shell:Skip shell extension 'powershell' for command environment: Not usable outside of PowerShell
[2.816s] DEBUG:colcon.colcon_core.shell:Skip shell extension 'dsv' for command environment
[4.149s] INFO:colcon.colcon_core.task.python.build:Building Python package in '/home/irl/robot_ws_raps/src/pwm_msg'
[4.150s] INFO:colcon.colcon_core.shell:Skip shell extension 'powershell' for command environment: Not usable outside of PowerShell
[4.150s] DEBUG:colcon.colcon_core.shell:Skip shell extension 'dsv' for command environment
[5.506s] INFO:colcon.colcon_core.task.python.build:Building Python package in '/home/irl/robot_ws_raps/src/ros_to_serial'
[5.507s] INFO:colcon.colcon_core.shell:Skip shell extension 'powershell' for command environment: Not usable outside of PowerShell
[5.507s] DEBUG:colcon.colcon_core.shell:Skip shell extension 'dsv' for command environment
[7.588s] DEBUG:colcon.colcon_core.event_handler.log_command:Invoking command in '/home/irl/robot_ws_raps/build/pwm_msg': PYTHONPATH=/home/irl/robot_ws_raps/build/pwm_msg/prefix_override:/home/irl/robot_ws_raps/install/pwm_msg/lib/python3.10/site-packages:${PYTHONPATH} /usr/bin/python3 -W ignore:setup.py install is deprecated setup.py develop --editable --build-directory /home/irl/robot_ws_raps/build/pwm_msg/build --no-deps symlink_data
[7.616s] DEBUG:colcon.colcon_core.event_handler.log_command:Invoking command in '/home/irl/robot_ws_raps/build/ros_to_serial': PYTHONPATH=/home/irl/robot_ws_raps/build/ros_to_serial/prefix_override:/home/irl/robot_ws_raps/install/ros_to_serial/lib/python3.10/site-packages:${PYTHONPATH} /usr/bin/python3 -W ignore:setup.py install is deprecated setup.py develop --editable --build-directory /home/irl/robot_ws_raps/build/ros_to_serial/build --no-deps symlink_data
[10.435s] Level 1:colcon.colcon_core.shell:create_environment_hook('ros_to_serial', 'pythonpath_develop')
[10.439s] INFO:colcon.colcon_core.shell:Creating environment hook '/home/irl/robot_ws_raps/build/ros_to_serial/share/ros_to_serial/hook/pythonpath_develop.ps1'
[10.443s] DEBUG:colcon.colcon_core.event_handler.log_command:Invoked command in '/home/irl/robot_ws_raps/build/ros_to_serial' returned '0': PYTHONPATH=/home/irl/robot_ws_raps/build/ros_to_serial/prefix_override:/home/irl/robot_ws_raps/install/ros_to_serial/lib/python3.10/site-packages:${PYTHONPATH} /usr/bin/python3 -W ignore:setup.py install is deprecated setup.py develop --editable --build-directory /home/irl/robot_ws_raps/build/ros_to_serial/build --no-deps symlink_data
[10.445s] INFO:colcon.colcon_core.shell:Creating environment descriptor '/home/irl/robot_ws_raps/build/ros_to_serial/share/ros_to_serial/hook/pythonpath_develop.dsv'
[10.450s] INFO:colcon.colcon_core.shell:Creating environment hook '/home/irl/robot_ws_raps/build/ros_to_serial/share/ros_to_serial/hook/pythonpath_develop.sh'
[10.483s] Level 1:colcon.colcon_core.environment:checking '/home/irl/robot_ws_raps/install/ros_to_serial' for CMake module files
[10.486s] Level 1:colcon.colcon_core.environment:checking '/home/irl/robot_ws_raps/install/ros_to_serial' for CMake config files
[10.490s] Level 1:colcon.colcon_core.environment:checking '/home/irl/robot_ws_raps/install/ros_to_serial/lib'
[10.491s] Level 1:colcon.colcon_core.environment:checking '/home/irl/robot_ws_raps/install/ros_to_serial/bin'
[10.491s] Level 1:colcon.colcon_core.environment:checking '/home/irl/robot_ws_raps/install/ros_to_serial/lib/pkgconfig/ros_to_serial.pc'
[10.492s] Level 1:colcon.colcon_core.environment:checking '/home/irl/robot_ws_raps/install/ros_to_serial/lib/python3.10/site-packages'
[10.492s] Level 1:colcon.colcon_core.shell:create_environment_hook('ros_to_serial', 'pythonpath')
[10.493s] INFO:colcon.colcon_core.shell:Creating environment hook '/home/irl/robot_ws_raps/install/ros_to_serial/share/ros_to_serial/hook/pythonpath.ps1'
[10.495s] INFO:colcon.colcon_core.shell:Creating environment descriptor '/home/irl/robot_ws_raps/install/ros_to_serial/share/ros_to_serial/hook/pythonpath.dsv'
[10.497s] INFO:colcon.colcon_core.shell:Creating environment hook '/home/irl/robot_ws_raps/install/ros_to_serial/share/ros_to_serial/hook/pythonpath.sh'
[10.500s] Level 1:colcon.colcon_core.environment:checking '/home/irl/robot_ws_raps/install/ros_to_serial/bin'
[10.500s] Level 1:colcon.colcon_core.environment:create_environment_scripts_only(ros_to_serial)
[10.502s] INFO:colcon.colcon_core.shell:Creating package script '/home/irl/robot_ws_raps/install/ros_to_serial/share/ros_to_serial/package.ps1'
[10.506s] INFO:colcon.colcon_core.shell:Creating package descriptor '/home/irl/robot_ws_raps/install/ros_to_serial/share/ros_to_serial/package.dsv'
[10.509s] INFO:colcon.colcon_core.shell:Creating package script '/home/irl/robot_ws_raps/install/ros_to_serial/share/ros_to_serial/package.sh'
[10.513s] INFO:colcon.colcon_core.shell:Creating package script '/home/irl/robot_ws_raps/install/ros_to_serial/share/ros_to_serial/package.bash'
[10.517s] INFO:colcon.colcon_core.shell:Creating package script '/home/irl/robot_ws_raps/install/ros_to_serial/share/ros_to_serial/package.zsh'
[10.520s] Level 1:colcon.colcon_core.environment:create_file_with_runtime_dependencies(/home/irl/robot_ws_raps/install/ros_to_serial/share/colcon-core/packages/ros_to_serial)
[10.525s] Level 1:colcon.colcon_core.shell:create_environment_hook('pwm_msg', 'pythonpath_develop')
[10.526s] INFO:colcon.colcon_core.shell:Creating environment hook '/home/irl/robot_ws_raps/build/pwm_msg/share/pwm_msg/hook/pythonpath_develop.ps1'
[10.530s] DEBUG:colcon.colcon_core.event_handler.log_command:Invoked command in '/home/irl/robot_ws_raps/build/pwm_msg' returned '0': PYTHONPATH=/home/irl/robot_ws_raps/build/pwm_msg/prefix_override:/home/irl/robot_ws_raps/install/pwm_msg/lib/python3.10/site-packages:${PYTHONPATH} /usr/bin/python3 -W ignore:setup.py install is deprecated setup.py develop --editable --build-directory /home/irl/robot_ws_raps/build/pwm_msg/build --no-deps symlink_data
[10.530s] INFO:colcon.colcon_core.shell:Creating environment descriptor '/home/irl/robot_ws_raps/build/pwm_msg/share/pwm_msg/hook/pythonpath_develop.dsv'
[10.533s] INFO:colcon.colcon_core.shell:Creating environment hook '/home/irl/robot_ws_raps/build/pwm_msg/share/pwm_msg/hook/pythonpath_develop.sh'
[10.535s] Level 1:colcon.colcon_core.environment:checking '/home/irl/robot_ws_raps/install/pwm_msg' for CMake module files
[10.538s] Level 1:colcon.colcon_core.environment:checking '/home/irl/robot_ws_raps/install/pwm_msg' for CMake config files
[10.541s] Level 1:colcon.colcon_core.environment:checking '/home/irl/robot_ws_raps/install/pwm_msg/lib'
[10.542s] Level 1:colcon.colcon_core.environment:checking '/home/irl/robot_ws_raps/install/pwm_msg/bin'
[10.542s] Level 1:colcon.colcon_core.environment:checking '/home/irl/robot_ws_raps/install/pwm_msg/lib/pkgconfig/pwm_msg.pc'
[10.543s] Level 1:colcon.colcon_core.environment:checking '/home/irl/robot_ws_raps/install/pwm_msg/lib/python3.10/site-packages'
[10.543s] Level 1:colcon.colcon_core.shell:create_environment_hook('pwm_msg', 'pythonpath')
[10.544s] INFO:colcon.colcon_core.shell:Creating environment hook '/home/irl/robot_ws_raps/install/pwm_msg/share/pwm_msg/hook/pythonpath.ps1'
[10.546s] INFO:colcon.colcon_core.shell:Creating environment descriptor '/home/irl/robot_ws_raps/install/pwm_msg/share/pwm_msg/hook/pythonpath.dsv'
[10.548s] INFO:colcon.colcon_core.shell:Creating environment hook '/home/irl/robot_ws_raps/install/pwm_msg/share/pwm_msg/hook/pythonpath.sh'
[10.551s] Level 1:colcon.colcon_core.environment:checking '/home/irl/robot_ws_raps/install/pwm_msg/bin'
[10.551s] Level 1:colcon.colcon_core.environment:create_environment_scripts_only(pwm_msg)
[10.552s] INFO:colcon.colcon_core.shell:Creating package script '/home/irl/robot_ws_raps/install/pwm_msg/share/pwm_msg/package.ps1'
[10.555s] INFO:colcon.colcon_core.shell:Creating package descriptor '/home/irl/robot_ws_raps/install/pwm_msg/share/pwm_msg/package.dsv'
[10.557s] INFO:colcon.colcon_core.shell:Creating package script '/home/irl/robot_ws_raps/install/pwm_msg/share/pwm_msg/package.sh'
[10.559s] INFO:colcon.colcon_core.shell:Creating package script '/home/irl/robot_ws_raps/install/pwm_msg/share/pwm_msg/package.bash'
[10.561s] INFO:colcon.colcon_core.shell:Creating package script '/home/irl/robot_ws_raps/install/pwm_msg/share/pwm_msg/package.zsh'
[10.563s] Level 1:colcon.colcon_core.environment:create_file_with_runtime_dependencies(/home/irl/robot_ws_raps/install/pwm_msg/share/colcon-core/packages/pwm_msg)
[10.564s] DEBUG:colcon.colcon_parallel_executor.executor.parallel:closing loop
[10.565s] DEBUG:colcon.colcon_parallel_executor.executor.parallel:loop closed
[10.565s] DEBUG:colcon.colcon_parallel_executor.executor.parallel:run_until_complete finished with '0'
[10.566s] DEBUG:colcon.colcon_core.event_reactor:joining thread
[10.599s] INFO:colcon.colcon_core.plugin_system:Skipping extension 'colcon_notification.desktop_notification.terminal_notifier': Not used on non-Darwin systems
[10.599s] INFO:colcon.colcon_core.plugin_system:Skipping extension 'colcon_notification.desktop_notification.win32': Not used on non-Windows systems
[10.600s] INFO:colcon.colcon_notification.desktop_notification:Sending desktop notification using 'notify2'
[10.644s] DEBUG:colcon.colcon_core.event_reactor:joined thread
[10.645s] INFO:colcon.colcon_core.shell:Creating prefix script '/home/irl/robot_ws_raps/install/local_setup.ps1'
[10.649s] INFO:colcon.colcon_core.shell:Creating prefix util module '/home/irl/robot_ws_raps/install/_local_setup_util_ps1.py'
[10.656s] INFO:colcon.colcon_core.shell:Creating prefix chain script '/home/irl/robot_ws_raps/install/setup.ps1'
[10.661s] INFO:colcon.colcon_core.shell:Creating prefix script '/home/irl/robot_ws_raps/install/local_setup.sh'
[10.664s] INFO:colcon.colcon_core.shell:Creating prefix util module '/home/irl/robot_ws_raps/install/_local_setup_util_sh.py'
[10.666s] INFO:colcon.colcon_core.shell:Creating prefix chain script '/home/irl/robot_ws_raps/install/setup.sh'
[10.672s] INFO:colcon.colcon_core.shell:Creating prefix script '/home/irl/robot_ws_raps/install/local_setup.bash'
[10.675s] INFO:colcon.colcon_core.shell:Creating prefix chain script '/home/irl/robot_ws_raps/install/setup.bash'
[10.680s] INFO:colcon.colcon_core.shell:Creating prefix script '/home/irl/robot_ws_raps/install/local_setup.zsh'
[10.683s] INFO:colcon.colcon_core.shell:Creating prefix chain script '/home/irl/robot_ws_raps/install/setup.zsh'
