[0.452s] DEBUG:colcon:Command line arguments: ['/usr/bin/colcon', 'build', '--symlink-install']
[0.452s] DEBUG:colcon:Parsed command line arguments: Namespace(log_base=None, log_level=None, verb_name='build', build_base='build', install_base='install', merge_install=False, symlink_install=True, test_result_base=None, continue_on_error=False, executor='parallel', parallel_workers=4, event_handlers=None, ignore_user_meta=False, metas=['./colcon.meta'], base_paths=['.'], packages_ignore=None, packages_ignore_regex=None, paths=None, packages_up_to=None, packages_up_to_regex=None, packages_above=None, packages_above_and_dependencies=None, packages_above_depth=None, packages_select_by_dep=None, packages_skip_by_dep=None, packages_skip_up_to=None, packages_select_build_failed=False, packages_skip_build_finished=False, packages_select_test_failures=False, packages_skip_test_passed=False, packages_select=None, packages_skip=None, packages_select_regex=None, packages_skip_regex=None, packages_start=None, packages_end=None, allow_overriding=[], cmake_args=None, cmake_target=None, cmake_target_skip_unavailable=False, cmake_clean_cache=False, cmake_clean_first=False, cmake_force_configure=False, ament_cmake_args=None, catkin_cmake_args=None, catkin_skip_building_tests=False, verb_parser=<colcon_defaults.argument_parser.defaults.DefaultArgumentsDecorator object at 0xffffb6874a00>, verb_extension=<colcon_core.verb.build.BuildVerb object at 0xffffb69ad600>, main=<bound method BuildVerb.main of <colcon_core.verb.build.BuildVerb object at 0xffffb69ad600>>)
[1.372s] Level 1:colcon.colcon_core.package_discovery:discover_packages(colcon_meta) check parameters
[1.373s] Level 1:colcon.colcon_core.package_discovery:discover_packages(recursive) check parameters
[1.373s] Level 1:colcon.colcon_core.package_discovery:discover_packages(ignore) check parameters
[1.373s] Level 1:colcon.colcon_core.package_discovery:discover_packages(path) check parameters
[1.373s] Level 1:colcon.colcon_core.package_discovery:discover_packages(colcon_meta) discover
[1.373s] Level 1:colcon.colcon_core.package_discovery:discover_packages(recursive) discover
[1.374s] INFO:colcon.colcon_core.package_discovery:Crawling recursively for packages in '/home/irl/robot_ws_raps'
[1.374s] Level 1:colcon.colcon_core.package_identification:_identify(.) by extensions ['ignore', 'ignore_ament_install']
[1.374s] Level 1:colcon.colcon_core.package_identification:_identify(.) by extension 'ignore'
[1.375s] Level 1:colcon.colcon_core.package_identification:_identify(.) by extension 'ignore_ament_install'
[1.375s] Level 1:colcon.colcon_core.package_identification:_identify(.) by extensions ['colcon_pkg']
[1.375s] Level 1:colcon.colcon_core.package_identification:_identify(.) by extension 'colcon_pkg'
[1.375s] Level 1:colcon.colcon_core.package_identification:_identify(.) by extensions ['colcon_meta']
[1.375s] Level 1:colcon.colcon_core.package_identification:_identify(.) by extension 'colcon_meta'
[1.376s] Level 1:colcon.colcon_core.package_identification:_identify(.) by extensions ['ros']
[1.376s] Level 1:colcon.colcon_core.package_identification:_identify(.) by extension 'ros'
[1.420s] Level 1:colcon.colcon_core.package_identification:_identify(.) by extensions ['cmake', 'python']
[1.420s] Level 1:colcon.colcon_core.package_identification:_identify(.) by extension 'cmake'
[1.420s] Level 1:colcon.colcon_core.package_identification:_identify(.) by extension 'python'
[1.420s] Level 1:colcon.colcon_core.package_identification:_identify(.) by extensions ['python_setup_py']
[1.421s] Level 1:colcon.colcon_core.package_identification:_identify(.) by extension 'python_setup_py'
[1.421s] Level 1:colcon.colcon_core.package_identification:_identify(build) by extensions ['ignore', 'ignore_ament_install']
[1.422s] Level 1:colcon.colcon_core.package_identification:_identify(build) by extension 'ignore'
[1.422s] Level 1:colcon.colcon_core.package_identification:_identify(build) ignored
[1.423s] Level 1:colcon.colcon_core.package_identification:_identify(install) by extensions ['ignore', 'ignore_ament_install']
[1.423s] Level 1:colcon.colcon_core.package_identification:_identify(install) by extension 'ignore'
[1.423s] Level 1:colcon.colcon_core.package_identification:_identify(install) ignored
[1.424s] Level 1:colcon.colcon_core.package_identification:_identify(log) by extensions ['ignore', 'ignore_ament_install']
[1.425s] Level 1:colcon.colcon_core.package_identification:_identify(log) by extension 'ignore'
[1.425s] Level 1:colcon.colcon_core.package_identification:_identify(log) ignored
[1.425s] Level 1:colcon.colcon_core.package_identification:_identify(src) by extensions ['ignore', 'ignore_ament_install']
[1.426s] Level 1:colcon.colcon_core.package_identification:_identify(src) by extension 'ignore'
[1.426s] Level 1:colcon.colcon_core.package_identification:_identify(src) by extension 'ignore_ament_install'
[1.426s] Level 1:colcon.colcon_core.package_identification:_identify(src) by extensions ['colcon_pkg']
[1.426s] Level 1:colcon.colcon_core.package_identification:_identify(src) by extension 'colcon_pkg'
[1.427s] Level 1:colcon.colcon_core.package_identification:_identify(src) by extensions ['colcon_meta']
[1.427s] Level 1:colcon.colcon_core.package_identification:_identify(src) by extension 'colcon_meta'
[1.427s] Level 1:colcon.colcon_core.package_identification:_identify(src) by extensions ['ros']
[1.427s] Level 1:colcon.colcon_core.package_identification:_identify(src) by extension 'ros'
[1.428s] Level 1:colcon.colcon_core.package_identification:_identify(src) by extensions ['cmake', 'python']
[1.428s] Level 1:colcon.colcon_core.package_identification:_identify(src) by extension 'cmake'
[1.428s] Level 1:colcon.colcon_core.package_identification:_identify(src) by extension 'python'
[1.428s] Level 1:colcon.colcon_core.package_identification:_identify(src) by extensions ['python_setup_py']
[1.428s] Level 1:colcon.colcon_core.package_identification:_identify(src) by extension 'python_setup_py'
[1.429s] Level 1:colcon.colcon_core.package_identification:_identify(src/pwm_msg) by extensions ['ignore', 'ignore_ament_install']
[1.429s] Level 1:colcon.colcon_core.package_identification:_identify(src/pwm_msg) by extension 'ignore'
[1.429s] Level 1:colcon.colcon_core.package_identification:_identify(src/pwm_msg) by extension 'ignore_ament_install'
[1.430s] Level 1:colcon.colcon_core.package_identification:_identify(src/pwm_msg) by extensions ['colcon_pkg']
[1.430s] Level 1:colcon.colcon_core.package_identification:_identify(src/pwm_msg) by extension 'colcon_pkg'
[1.430s] Level 1:colcon.colcon_core.package_identification:_identify(src/pwm_msg) by extensions ['colcon_meta']
[1.430s] Level 1:colcon.colcon_core.package_identification:_identify(src/pwm_msg) by extension 'colcon_meta'
[1.430s] Level 1:colcon.colcon_core.package_identification:_identify(src/pwm_msg) by extensions ['ros']
[1.431s] Level 1:colcon.colcon_core.package_identification:_identify(src/pwm_msg) by extension 'ros'
[1.440s] DEBUG:colcon.colcon_core.package_identification:Package 'src/pwm_msg' with type 'ros.ament_python' and name 'pwm_msg'
[1.441s] Level 1:colcon.colcon_core.package_identification:_identify(src/ros_to_serial) by extensions ['ignore', 'ignore_ament_install']
[1.441s] Level 1:colcon.colcon_core.package_identification:_identify(src/ros_to_serial) by extension 'ignore'
[1.442s] Level 1:colcon.colcon_core.package_identification:_identify(src/ros_to_serial) by extension 'ignore_ament_install'
[1.442s] Level 1:colcon.colcon_core.package_identification:_identify(src/ros_to_serial) by extensions ['colcon_pkg']
[1.442s] Level 1:colcon.colcon_core.package_identification:_identify(src/ros_to_serial) by extension 'colcon_pkg'
[1.442s] Level 1:colcon.colcon_core.package_identification:_identify(src/ros_to_serial) by extensions ['colcon_meta']
[1.442s] Level 1:colcon.colcon_core.package_identification:_identify(src/ros_to_serial) by extension 'colcon_meta'
[1.443s] Level 1:colcon.colcon_core.package_identification:_identify(src/ros_to_serial) by extensions ['ros']
[1.443s] Level 1:colcon.colcon_core.package_identification:_identify(src/ros_to_serial) by extension 'ros'
[1.445s] DEBUG:colcon.colcon_core.package_identification:Package 'src/ros_to_serial' with type 'ros.ament_python' and name 'ros_to_serial'
[1.445s] Level 1:colcon.colcon_core.package_discovery:discover_packages(recursive) using defaults
[1.446s] Level 1:colcon.colcon_core.package_discovery:discover_packages(ignore) discover
[1.446s] Level 1:colcon.colcon_core.package_discovery:discover_packages(ignore) using defaults
[1.446s] Level 1:colcon.colcon_core.package_discovery:discover_packages(path) discover
[1.446s] Level 1:colcon.colcon_core.package_discovery:discover_packages(path) using defaults
[1.563s] Level 1:colcon.colcon_core.package_discovery:discover_packages(prefix_path) check parameters
[1.564s] Level 1:colcon.colcon_core.package_discovery:discover_packages(prefix_path) discover
[1.572s] DEBUG:colcon.colcon_installed_package_information.package_discovery:Found 2 installed packages in /home/irl/robot_ws_raps/install
[1.582s] DEBUG:colcon.colcon_installed_package_information.package_discovery:Found 288 installed packages in /opt/ros/humble
[1.588s] Level 1:colcon.colcon_core.package_discovery:discover_packages(prefix_path) using defaults
[1.766s] Level 5:colcon.colcon_core.verb:set package 'pwm_msg' build argument 'cmake_args' from command line to 'None'
[1.767s] Level 5:colcon.colcon_core.verb:set package 'pwm_msg' build argument 'cmake_target' from command line to 'None'
[1.767s] Level 5:colcon.colcon_core.verb:set package 'pwm_msg' build argument 'cmake_target_skip_unavailable' from command line to 'False'
[1.767s] Level 5:colcon.colcon_core.verb:set package 'pwm_msg' build argument 'cmake_clean_cache' from command line to 'False'
[1.767s] Level 5:colcon.colcon_core.verb:set package 'pwm_msg' build argument 'cmake_clean_first' from command line to 'False'
[1.767s] Level 5:colcon.colcon_core.verb:set package 'pwm_msg' build argument 'cmake_force_configure' from command line to 'False'
[1.767s] Level 5:colcon.colcon_core.verb:set package 'pwm_msg' build argument 'ament_cmake_args' from command line to 'None'
[1.767s] Level 5:colcon.colcon_core.verb:set package 'pwm_msg' build argument 'catkin_cmake_args' from command line to 'None'
[1.767s] Level 5:colcon.colcon_core.verb:set package 'pwm_msg' build argument 'catkin_skip_building_tests' from command line to 'False'
[1.768s] DEBUG:colcon.colcon_core.verb:Building package 'pwm_msg' with the following arguments: {'ament_cmake_args': None, 'build_base': '/home/irl/robot_ws_raps/build/pwm_msg', 'catkin_cmake_args': None, 'catkin_skip_building_tests': False, 'cmake_args': None, 'cmake_clean_cache': False, 'cmake_clean_first': False, 'cmake_force_configure': False, 'cmake_target': None, 'cmake_target_skip_unavailable': False, 'install_base': '/home/irl/robot_ws_raps/install/pwm_msg', 'merge_install': False, 'path': '/home/irl/robot_ws_raps/src/pwm_msg', 'symlink_install': True, 'test_result_base': None}
[1.769s] Level 5:colcon.colcon_core.verb:set package 'ros_to_serial' build argument 'cmake_args' from command line to 'None'
[1.769s] Level 5:colcon.colcon_core.verb:set package 'ros_to_serial' build argument 'cmake_target' from command line to 'None'
[1.769s] Level 5:colcon.colcon_core.verb:set package 'ros_to_serial' build argument 'cmake_target_skip_unavailable' from command line to 'False'
[1.770s] Level 5:colcon.colcon_core.verb:set package 'ros_to_serial' build argument 'cmake_clean_cache' from command line to 'False'
[1.770s] Level 5:colcon.colcon_core.verb:set package 'ros_to_serial' build argument 'cmake_clean_first' from command line to 'False'
[1.770s] Level 5:colcon.colcon_core.verb:set package 'ros_to_serial' build argument 'cmake_force_configure' from command line to 'False'
[1.770s] Level 5:colcon.colcon_core.verb:set package 'ros_to_serial' build argument 'ament_cmake_args' from command line to 'None'
[1.770s] Level 5:colcon.colcon_core.verb:set package 'ros_to_serial' build argument 'catkin_cmake_args' from command line to 'None'
[1.770s] Level 5:colcon.colcon_core.verb:set package 'ros_to_serial' build argument 'catkin_skip_building_tests' from command line to 'False'
[1.770s] DEBUG:colcon.colcon_core.verb:Building package 'ros_to_serial' with the following arguments: {'ament_cmake_args': None, 'build_base': '/home/irl/robot_ws_raps/build/ros_to_serial', 'catkin_cmake_args': None, 'catkin_skip_building_tests': False, 'cmake_args': None, 'cmake_clean_cache': False, 'cmake_clean_first': False, 'cmake_force_configure': False, 'cmake_target': None, 'cmake_target_skip_unavailable': False, 'install_base': '/home/irl/robot_ws_raps/install/ros_to_serial', 'merge_install': False, 'path': '/home/irl/robot_ws_raps/src/ros_to_serial', 'symlink_install': True, 'test_result_base': None}
[1.771s] INFO:colcon.colcon_core.executor:Executing jobs using 'parallel' executor
[1.774s] DEBUG:colcon.colcon_parallel_executor.executor.parallel:run_until_complete
[1.775s] INFO:colcon.colcon_ros.task.ament_python.build:Building ROS package in '/home/irl/robot_ws_raps/src/pwm_msg' with build type 'ament_python'
[1.776s] Level 1:colcon.colcon_core.shell:create_environment_hook('pwm_msg', 'ament_prefix_path')
[1.785s] INFO:colcon.colcon_core.plugin_system:Skipping extension 'colcon_core.shell.bat': Not used on non-Windows systems
[1.786s] INFO:colcon.colcon_core.shell:Creating environment hook '/home/irl/robot_ws_raps/install/pwm_msg/share/pwm_msg/hook/ament_prefix_path.ps1'
[1.789s] INFO:colcon.colcon_core.shell:Creating environment descriptor '/home/irl/robot_ws_raps/install/pwm_msg/share/pwm_msg/hook/ament_prefix_path.dsv'
[1.791s] INFO:colcon.colcon_core.shell:Creating environment hook '/home/irl/robot_ws_raps/install/pwm_msg/share/pwm_msg/hook/ament_prefix_path.sh'
[1.795s] INFO:colcon.colcon_core.shell:Skip shell extension 'powershell' for command environment: Not usable outside of PowerShell
[1.796s] DEBUG:colcon.colcon_core.shell:Skip shell extension 'dsv' for command environment
[1.815s] INFO:colcon.colcon_ros.task.ament_python.build:Building ROS package in '/home/irl/robot_ws_raps/src/ros_to_serial' with build type 'ament_python'
[1.816s] Level 1:colcon.colcon_core.shell:create_environment_hook('ros_to_serial', 'ament_prefix_path')
[1.817s] INFO:colcon.colcon_core.shell:Creating environment hook '/home/irl/robot_ws_raps/install/ros_to_serial/share/ros_to_serial/hook/ament_prefix_path.ps1'
[1.820s] INFO:colcon.colcon_core.shell:Creating environment descriptor '/home/irl/robot_ws_raps/install/ros_to_serial/share/ros_to_serial/hook/ament_prefix_path.dsv'
[1.822s] INFO:colcon.colcon_core.shell:Creating environment hook '/home/irl/robot_ws_raps/install/ros_to_serial/share/ros_to_serial/hook/ament_prefix_path.sh'
[1.826s] INFO:colcon.colcon_core.shell:Skip shell extension 'powershell' for command environment: Not usable outside of PowerShell
[1.826s] DEBUG:colcon.colcon_core.shell:Skip shell extension 'dsv' for command environment
[3.152s] INFO:colcon.colcon_core.task.python.build:Building Python package in '/home/irl/robot_ws_raps/src/pwm_msg'
[3.153s] INFO:colcon.colcon_core.shell:Skip shell extension 'powershell' for command environment: Not usable outside of PowerShell
[3.154s] DEBUG:colcon.colcon_core.shell:Skip shell extension 'dsv' for command environment
[4.467s] INFO:colcon.colcon_core.task.python.build:Building Python package in '/home/irl/robot_ws_raps/src/ros_to_serial'
[4.468s] INFO:colcon.colcon_core.shell:Skip shell extension 'powershell' for command environment: Not usable outside of PowerShell
[4.469s] DEBUG:colcon.colcon_core.shell:Skip shell extension 'dsv' for command environment
[6.433s] DEBUG:colcon.colcon_core.event_handler.log_command:Invoking command in '/home/irl/robot_ws_raps/build/ros_to_serial': PYTHONPATH=/home/irl/robot_ws_raps/build/ros_to_serial/prefix_override:/home/irl/robot_ws_raps/install/ros_to_serial/lib/python3.10/site-packages:${PYTHONPATH} /usr/bin/python3 -W ignore:setup.py install is deprecated setup.py develop --editable --build-directory /home/irl/robot_ws_raps/build/ros_to_serial/build --no-deps symlink_data
[6.456s] DEBUG:colcon.colcon_core.event_handler.log_command:Invoking command in '/home/irl/robot_ws_raps/build/pwm_msg': PYTHONPATH=/home/irl/robot_ws_raps/build/pwm_msg/prefix_override:/home/irl/robot_ws_raps/install/pwm_msg/lib/python3.10/site-packages:${PYTHONPATH} /usr/bin/python3 -W ignore:setup.py install is deprecated setup.py develop --editable --build-directory /home/irl/robot_ws_raps/build/pwm_msg/build --no-deps symlink_data
[9.188s] Level 1:colcon.colcon_core.shell:create_environment_hook('ros_to_serial', 'pythonpath_develop')
[9.192s] INFO:colcon.colcon_core.shell:Creating environment hook '/home/irl/robot_ws_raps/build/ros_to_serial/share/ros_to_serial/hook/pythonpath_develop.ps1'
[9.193s] DEBUG:colcon.colcon_core.event_handler.log_command:Invoked command in '/home/irl/robot_ws_raps/build/ros_to_serial' returned '0': PYTHONPATH=/home/irl/robot_ws_raps/build/ros_to_serial/prefix_override:/home/irl/robot_ws_raps/install/ros_to_serial/lib/python3.10/site-packages:${PYTHONPATH} /usr/bin/python3 -W ignore:setup.py install is deprecated setup.py develop --editable --build-directory /home/irl/robot_ws_raps/build/ros_to_serial/build --no-deps symlink_data
[9.198s] INFO:colcon.colcon_core.shell:Creating environment descriptor '/home/irl/robot_ws_raps/build/ros_to_serial/share/ros_to_serial/hook/pythonpath_develop.dsv'
[9.204s] INFO:colcon.colcon_core.shell:Creating environment hook '/home/irl/robot_ws_raps/build/ros_to_serial/share/ros_to_serial/hook/pythonpath_develop.sh'
[9.226s] Level 1:colcon.colcon_core.environment:checking '/home/irl/robot_ws_raps/install/ros_to_serial' for CMake module files
[9.229s] Level 1:colcon.colcon_core.environment:checking '/home/irl/robot_ws_raps/install/ros_to_serial' for CMake config files
[9.232s] Level 1:colcon.colcon_core.environment:checking '/home/irl/robot_ws_raps/install/ros_to_serial/lib'
[9.233s] Level 1:colcon.colcon_core.environment:checking '/home/irl/robot_ws_raps/install/ros_to_serial/bin'
[9.233s] Level 1:colcon.colcon_core.environment:checking '/home/irl/robot_ws_raps/install/ros_to_serial/lib/pkgconfig/ros_to_serial.pc'
[9.234s] Level 1:colcon.colcon_core.environment:checking '/home/irl/robot_ws_raps/install/ros_to_serial/lib/python3.10/site-packages'
[9.234s] Level 1:colcon.colcon_core.shell:create_environment_hook('ros_to_serial', 'pythonpath')
[9.235s] INFO:colcon.colcon_core.shell:Creating environment hook '/home/irl/robot_ws_raps/install/ros_to_serial/share/ros_to_serial/hook/pythonpath.ps1'
[9.237s] INFO:colcon.colcon_core.shell:Creating environment descriptor '/home/irl/robot_ws_raps/install/ros_to_serial/share/ros_to_serial/hook/pythonpath.dsv'
[9.239s] INFO:colcon.colcon_core.shell:Creating environment hook '/home/irl/robot_ws_raps/install/ros_to_serial/share/ros_to_serial/hook/pythonpath.sh'
[9.241s] Level 1:colcon.colcon_core.environment:checking '/home/irl/robot_ws_raps/install/ros_to_serial/bin'
[9.241s] Level 1:colcon.colcon_core.environment:create_environment_scripts_only(ros_to_serial)
[9.243s] INFO:colcon.colcon_core.shell:Creating package script '/home/irl/robot_ws_raps/install/ros_to_serial/share/ros_to_serial/package.ps1'
[9.247s] INFO:colcon.colcon_core.shell:Creating package descriptor '/home/irl/robot_ws_raps/install/ros_to_serial/share/ros_to_serial/package.dsv'
[9.250s] INFO:colcon.colcon_core.shell:Creating package script '/home/irl/robot_ws_raps/install/ros_to_serial/share/ros_to_serial/package.sh'
[9.254s] INFO:colcon.colcon_core.shell:Creating package script '/home/irl/robot_ws_raps/install/ros_to_serial/share/ros_to_serial/package.bash'
[9.257s] INFO:colcon.colcon_core.shell:Creating package script '/home/irl/robot_ws_raps/install/ros_to_serial/share/ros_to_serial/package.zsh'
[9.260s] Level 1:colcon.colcon_core.environment:create_file_with_runtime_dependencies(/home/irl/robot_ws_raps/install/ros_to_serial/share/colcon-core/packages/ros_to_serial)
[9.265s] Level 1:colcon.colcon_core.shell:create_environment_hook('pwm_msg', 'pythonpath_develop')
[9.266s] INFO:colcon.colcon_core.shell:Creating environment hook '/home/irl/robot_ws_raps/build/pwm_msg/share/pwm_msg/hook/pythonpath_develop.ps1'
[9.268s] DEBUG:colcon.colcon_core.event_handler.log_command:Invoked command in '/home/irl/robot_ws_raps/build/pwm_msg' returned '0': PYTHONPATH=/home/irl/robot_ws_raps/build/pwm_msg/prefix_override:/home/irl/robot_ws_raps/install/pwm_msg/lib/python3.10/site-packages:${PYTHONPATH} /usr/bin/python3 -W ignore:setup.py install is deprecated setup.py develop --editable --build-directory /home/irl/robot_ws_raps/build/pwm_msg/build --no-deps symlink_data
[9.269s] INFO:colcon.colcon_core.shell:Creating environment descriptor '/home/irl/robot_ws_raps/build/pwm_msg/share/pwm_msg/hook/pythonpath_develop.dsv'
[9.271s] INFO:colcon.colcon_core.shell:Creating environment hook '/home/irl/robot_ws_raps/build/pwm_msg/share/pwm_msg/hook/pythonpath_develop.sh'
[9.274s] Level 1:colcon.colcon_core.environment:checking '/home/irl/robot_ws_raps/install/pwm_msg' for CMake module files
[9.277s] Level 1:colcon.colcon_core.environment:checking '/home/irl/robot_ws_raps/install/pwm_msg' for CMake config files
[9.280s] Level 1:colcon.colcon_core.environment:checking '/home/irl/robot_ws_raps/install/pwm_msg/lib'
[9.281s] Level 1:colcon.colcon_core.environment:checking '/home/irl/robot_ws_raps/install/pwm_msg/bin'
[9.281s] Level 1:colcon.colcon_core.environment:checking '/home/irl/robot_ws_raps/install/pwm_msg/lib/pkgconfig/pwm_msg.pc'
[9.282s] Level 1:colcon.colcon_core.environment:checking '/home/irl/robot_ws_raps/install/pwm_msg/lib/python3.10/site-packages'
[9.283s] Level 1:colcon.colcon_core.shell:create_environment_hook('pwm_msg', 'pythonpath')
[9.284s] INFO:colcon.colcon_core.shell:Creating environment hook '/home/irl/robot_ws_raps/install/pwm_msg/share/pwm_msg/hook/pythonpath.ps1'
[9.286s] INFO:colcon.colcon_core.shell:Creating environment descriptor '/home/irl/robot_ws_raps/install/pwm_msg/share/pwm_msg/hook/pythonpath.dsv'
[9.288s] INFO:colcon.colcon_core.shell:Creating environment hook '/home/irl/robot_ws_raps/install/pwm_msg/share/pwm_msg/hook/pythonpath.sh'
[9.291s] Level 1:colcon.colcon_core.environment:checking '/home/irl/robot_ws_raps/install/pwm_msg/bin'
[9.291s] Level 1:colcon.colcon_core.environment:create_environment_scripts_only(pwm_msg)
[9.292s] INFO:colcon.colcon_core.shell:Creating package script '/home/irl/robot_ws_raps/install/pwm_msg/share/pwm_msg/package.ps1'
[9.295s] INFO:colcon.colcon_core.shell:Creating package descriptor '/home/irl/robot_ws_raps/install/pwm_msg/share/pwm_msg/package.dsv'
[9.297s] INFO:colcon.colcon_core.shell:Creating package script '/home/irl/robot_ws_raps/install/pwm_msg/share/pwm_msg/package.sh'
[9.299s] INFO:colcon.colcon_core.shell:Creating package script '/home/irl/robot_ws_raps/install/pwm_msg/share/pwm_msg/package.bash'
[9.301s] INFO:colcon.colcon_core.shell:Creating package script '/home/irl/robot_ws_raps/install/pwm_msg/share/pwm_msg/package.zsh'
[9.302s] Level 1:colcon.colcon_core.environment:create_file_with_runtime_dependencies(/home/irl/robot_ws_raps/install/pwm_msg/share/colcon-core/packages/pwm_msg)
[9.304s] DEBUG:colcon.colcon_parallel_executor.executor.parallel:closing loop
[9.305s] DEBUG:colcon.colcon_parallel_executor.executor.parallel:loop closed
[9.306s] DEBUG:colcon.colcon_parallel_executor.executor.parallel:run_until_complete finished with '0'
[9.306s] DEBUG:colcon.colcon_core.event_reactor:joining thread
[9.328s] INFO:colcon.colcon_core.plugin_system:Skipping extension 'colcon_notification.desktop_notification.terminal_notifier': Not used on non-Darwin systems
[9.329s] INFO:colcon.colcon_core.plugin_system:Skipping extension 'colcon_notification.desktop_notification.win32': Not used on non-Windows systems
[9.329s] INFO:colcon.colcon_notification.desktop_notification:Sending desktop notification using 'notify2'
[9.368s] DEBUG:colcon.colcon_core.event_reactor:joined thread
[9.369s] INFO:colcon.colcon_core.shell:Creating prefix script '/home/irl/robot_ws_raps/install/local_setup.ps1'
[9.372s] INFO:colcon.colcon_core.shell:Creating prefix util module '/home/irl/robot_ws_raps/install/_local_setup_util_ps1.py'
[9.378s] INFO:colcon.colcon_core.shell:Creating prefix chain script '/home/irl/robot_ws_raps/install/setup.ps1'
[9.383s] INFO:colcon.colcon_core.shell:Creating prefix script '/home/irl/robot_ws_raps/install/local_setup.sh'
[9.385s] INFO:colcon.colcon_core.shell:Creating prefix util module '/home/irl/robot_ws_raps/install/_local_setup_util_sh.py'
[9.387s] INFO:colcon.colcon_core.shell:Creating prefix chain script '/home/irl/robot_ws_raps/install/setup.sh'
[9.392s] INFO:colcon.colcon_core.shell:Creating prefix script '/home/irl/robot_ws_raps/install/local_setup.bash'
[9.395s] INFO:colcon.colcon_core.shell:Creating prefix chain script '/home/irl/robot_ws_raps/install/setup.bash'
[9.399s] INFO:colcon.colcon_core.shell:Creating prefix script '/home/irl/robot_ws_raps/install/local_setup.zsh'
[9.401s] INFO:colcon.colcon_core.shell:Creating prefix chain script '/home/irl/robot_ws_raps/install/setup.zsh'
